#options: 1280x720 fps=25/1 timebase=1/25 bitdepth=8 cabac=0 ref=1 deblock=0:0:0 analyse=0x1:0 me=dia subme=2 psy=1 psy_rd=1.00:0.00 mixed_ref=0 me_range=16 chroma_me=1 trellis=0 8x8dct=0 cqm=0 deadzone=21,11 fast_pskip=1 chroma_qp_offset=0 threads=12 lookahead_threads=5 sliced_threads=0 nr=0 decimate=1 interlaced=0 bluray_compat=0 constrained_intra=0 bframes=8 b_pyramid=2 b_adapt=2 b_bias=0 direct=3 weightb=0 open_gop=0 weightp=0 keyint=250 keyint_min=25 scenecut=40 intra_refresh=0 rc_lookahead=60 rc=abr mbtree=1 bitrate=2000 ratetol=1.0 qcomp=0.60 qpmin=0 qpmax=69 qpstep=4 ip_ratio=1.40 aq=1:1.00
in:0 out:0 type:I dur:2 cpbdur:2 q:27.76 aq:16.23 tex:93557 mv:37346 misc:6001 imb:3600 pmb:0 smb:0 d:- ref:;
in:3 out:1 type:P dur:2 cpbdur:2 q:27.88 aq:19.16 tex:64252 mv:17678 misc:2846 imb:1094 pmb:636 smb:1870 d:- ref:0 ;
in:1 out:2 type:B dur:2 cpbdur:2 q:27.88 aq:22.42 tex:40948 mv:16171 misc:2689 imb:323 pmb:1055 smb:2222 d:s ref:0 ;
in:2 out:3 type:b dur:2 cpbdur:2 q:27.88 aq:23.62 tex:33878 mv:14856 misc:2562 imb:271 pmb:950 smb:2379 d:- ref:0 ;
in:6 out:4 type:P dur:2 cpbdur:2 q:27.66 aq:21.47 tex:66951 mv:17731 misc:2750 imb:1085 pmb:605 smb:1910 d:- ref:0 ;
in:4 out:5 type:B dur:2 cpbdur:2 q:27.80 aq:21.73 tex:41526 mv:17245 misc:2717 imb:326 pmb:1167 smb:2107 d:s ref:0 ;
in:5 out:6 type:b dur:2 cpbdur:2 q:27.73 aq:23.38 tex:33760 mv:15446 misc:2466 imb:302 pmb:884 smb:2414 d:- ref:0 ;
in:8 out:7 type:P dur:2 cpbdur:2 q:27.46 aq:21.37 tex:71879 mv:18818 misc:2783 imb:1012 pmb:678 smb:1910 d:- ref:0 ;
in:7 out:8 type:b dur:2 cpbdur:2 q:27.56 aq:23.22 tex:39223 mv:17500 misc:2629 imb:348 pmb:980 smb:2272 d:s ref:0 ;
in:10 out:9 type:P dur:2 cpbdur:2 q:27.37 aq:20.84 tex:75324 mv:19950 misc:2870 imb:1159 pmb:658 smb:1783 d:- ref:0 ;
in:9 out:10 type:b dur:2 cpbdur:2 q:27.42 aq:22.97 tex:42771 mv:18863 misc:2622 imb:350 pmb:1025 smb:2225 d:s ref:0 ;
in:12 out:11 type:P dur:2 cpbdur:2 q:27.28 aq:19.64 tex:75028 mv:19834 misc:2898 imb:1197 pmb:654 smb:1749 d:- ref:0 ;
in:11 out:12 type:b dur:2 cpbdur:2 q:27.33 aq:22.32 tex:35165 mv:17814 misc:2725 imb:290 pmb:1116 smb:2194 d:s ref:0 ;
in:14 out:13 type:P dur:2 cpbdur:2 q:29.24 aq:23.54 tex:52774 mv:18810 misc:2864 imb:1177 pmb:580 smb:1843 d:s ref:0 ;
in:13 out:14 type:b dur:2 cpbdur:2 q:28.26 aq:24.10 tex:35869 mv:17330 misc:2713 imb:376 pmb:1032 smb:2192 d:s ref:0 ;
in:16 out:15 type:P dur:2 cpbdur:2 q:27.53 aq:20.29 tex:76678 mv:20710 misc:2980 imb:1299 pmb:642 smb:1659 d:s ref:0 ;
in:15 out:16 type:b dur:2 cpbdur:2 q:28.39 aq:23.93 tex:33681 mv:16795 misc:2732 imb:355 pmb:1031 smb:2214 d:s ref:0 ;
in:18 out:17 type:P dur:2 cpbdur:2 q:27.29 aq:19.55 tex:73248 mv:20401 misc:2927 imb:1278 pmb:641 smb:1681 d:s ref:0 ;
in:17 out:18 type:b dur:2 cpbdur:2 q:27.41 aq:22.08 tex:39750 mv:17921 misc:2873 imb:315 pmb:1177 smb:2108 d:s ref:0 ;
in:20 out:19 type:P dur:2 cpbdur:2 q:27.08 aq:18.58 tex:74187 mv:19293 misc:2832 imb:1226 pmb:587 smb:1787 d:s ref:0 ;
in:19 out:20 type:b dur:2 cpbdur:2 q:27.18 aq:21.39 tex:36171 mv:16543 misc:2766 imb:277 pmb:1141 smb:2182 d:s ref:0 ;
in:24 out:21 type:P dur:2 cpbdur:2 q:27.10 aq:20.39 tex:94040 mv:21600 misc:2848 imb:1333 pmb:578 smb:1689 d:s ref:0 ;
in:22 out:22 type:B dur:2 cpbdur:2 q:27.09 aq:20.82 tex:63945 mv:20943 misc:2880 imb:522 pmb:1179 smb:1899 d:s ref:0 ;
in:21 out:23 type:b dur:2 cpbdur:2 q:27.08 aq:21.18 tex:35424 mv:17191 misc:2721 imb:299 pmb:1115 smb:2186 d:s ref:0 ;
in:23 out:24 type:b dur:2 cpbdur:2 q:27.10 aq:22.84 tex:42043 mv:19814 misc:2727 imb:386 pmb:1086 smb:2128 d:- ref:0 ;
in:26 out:25 type:P dur:2 cpbdur:2 q:26.95 aq:20.27 tex:92088 mv:23278 misc:2994 imb:1404 pmb:734 smb:1462 d:s ref:0 ;
in:25 out:26 type:b dur:2 cpbdur:2 q:27.03 aq:22.49 tex:49867 mv:20567 misc:2758 imb:368 pmb:1155 smb:2077 d:s ref:0 ;
in:28 out:27 type:P dur:2 cpbdur:2 q:27.10 aq:20.38 tex:91640 mv:23711 misc:3049 imb:1532 pmb:623 smb:1445 d:s ref:0 ;
in:27 out:28 type:b dur:2 cpbdur:2 q:27.03 aq:22.07 tex:51201 mv:22502 misc:2977 imb:397 pmb:1330 smb:1873 d:s ref:0 ;
in:30 out:29 type:P dur:2 cpbdur:2 q:27.15 aq:20.61 tex:90842 mv:24002 misc:3084 imb:1574 pmb:578 smb:1448 d:s ref:0 ;
in:29 out:30 type:b dur:2 cpbdur:2 q:27.13 aq:21.96 tex:50816 mv:24579 misc:3021 imb:489 pmb:1355 smb:1756 d:s ref:0 ;
in:32 out:31 type:P dur:2 cpbdur:2 q:27.18 aq:19.83 tex:86118 mv:23714 misc:3088 imb:1611 pmb:586 smb:1403 d:s ref:0 ;
in:31 out:32 type:b dur:2 cpbdur:2 q:27.17 aq:22.00 tex:50878 mv:23517 misc:2965 imb:550 pmb:1263 smb:1787 d:s ref:0 ;
in:34 out:33 type:P dur:2 cpbdur:2 q:27.25 aq:20.97 tex:104966 mv:27755 misc:3199 imb:1997 pmb:553 smb:1050 d:s ref:0 ;
in:33 out:34 type:b dur:2 cpbdur:2 q:27.22 aq:22.07 tex:62508 mv:26592 misc:3148 imb:682 pmb:1352 smb:1566 d:s ref:0 ;
in:36 out:35 type:P dur:2 cpbdur:2 q:27.35 aq:21.15 tex:103004 mv:28247 misc:3285 imb:2144 pmb:479 smb:977 d:s ref:0 ;
in:35 out:36 type:b dur:2 cpbdur:2 q:27.30 aq:22.14 tex:67076 mv:29607 misc:3245 imb:740 pmb:1435 smb:1425 d:s ref:0 ;
in:37 out:37 type:P dur:2 cpbdur:2 q:27.48 aq:21.31 tex:100194 mv:28608 misc:3134 imb:1815 pmb:592 smb:1193 d:s ref:0 ;
in:38 out:38 type:P dur:2 cpbdur:2 q:27.52 aq:21.68 tex:116138 mv:29999 misc:3191 imb:2080 pmb:531 smb:989 d:s ref:0 ;
in:40 out:39 type:P dur:2 cpbdur:2 q:27.74 aq:22.05 tex:129770 mv:32853 misc:3337 imb:2262 pmb:523 smb:815 d:s ref:0 ;
in:39 out:40 type:b dur:2 cpbdur:2 q:27.63 aq:23.18 tex:82411 mv:35513 misc:3404 imb:999 pmb:1479 smb:1122 d:s ref:0 ;
in:42 out:41 type:P dur:2 cpbdur:2 q:27.96 aq:22.41 tex:134207 mv:34499 misc:3358 imb:2128 pmb:711 smb:761 d:s ref:0 ;
in:41 out:42 type:b dur:2 cpbdur:2 q:27.85 aq:23.67 tex:85837 mv:35579 misc:3336 imb:833 pmb:1605 smb:1162 d:s ref:0 ;
in:44 out:43 type:P dur:2 cpbdur:2 q:28.20 aq:23.12 tex:136232 mv:35038 misc:3330 imb:2290 pmb:624 smb:686 d:s ref:0 ;
in:43 out:44 type:b dur:2 cpbdur:2 q:28.08 aq:24.34 tex:100717 mv:38166 misc:3389 imb:1044 pmb:1552 smb:1004 d:s ref:0 ;
in:46 out:45 type:P dur:2 cpbdur:2 q:28.50 aq:23.08 tex:135479 mv:34111 misc:3362 imb:2247 pmb:629 smb:724 d:s ref:0 ;
in:45 out:46 type:b dur:2 cpbdur:2 q:28.35 aq:24.59 tex:95544 mv:38394 misc:3406 imb:987 pmb:1572 smb:1041 d:s ref:0 ;
in:48 out:47 type:P dur:2 cpbdur:2 q:28.85 aq:23.08 tex:131294 mv:33949 misc:3349 imb:2094 pmb:709 smb:797 d:s ref:0 ;
in:47 out:48 type:b dur:2 cpbdur:2 q:28.68 aq:24.84 tex:95811 mv:36623 misc:3326 imb:949 pmb:1541 smb:1110 d:s ref:0 ;
in:50 out:49 type:P dur:2 cpbdur:2 q:29.19 aq:22.61 tex:124733 mv:32706 misc:3473 imb:2147 pmb:710 smb:743 d:s ref:0 ;
in:49 out:50 type:b dur:2 cpbdur:2 q:29.02 aq:25.31 tex:81807 mv:34433 misc:3320 imb:762 pmb:1609 smb:1229 d:s ref:0 ;
in:52 out:51 type:P dur:2 cpbdur:2 q:29.70 aq:24.58 tex:120843 mv:31393 misc:3340 imb:1969 pmb:639 smb:992 d:s ref:0 ;
in:51 out:52 type:b dur:2 cpbdur:2 q:29.45 aq:25.61 tex:82459 mv:32209 misc:3356 imb:847 pmb:1501 smb:1252 d:s ref:0 ;
in:54 out:53 type:P dur:2 cpbdur:2 q:30.15 aq:25.09 tex:102828 mv:31883 misc:3417 imb:2016 pmb:687 smb:897 d:s ref:0 ;
in:53 out:54 type:b dur:2 cpbdur:2 q:29.93 aq:26.22 tex:71398 mv:30976 misc:3514 imb:749 pmb:1620 smb:1231 d:s ref:0 ;
in:56 out:55 type:P dur:2 cpbdur:2 q:30.55 aq:25.54 tex:106135 mv:31076 misc:3461 imb:2057 pmb:658 smb:885 d:s ref:0 ;
in:55 out:56 type:b dur:2 cpbdur:2 q:30.35 aq:27.03 tex:70364 mv:30271 misc:3485 imb:781 pmb:1535 smb:1284 d:s ref:0 ;
in:58 out:57 type:P dur:2 cpbdur:2 q:30.98 aq:25.77 tex:101473 mv:30775 misc:3496 imb:1971 pmb:699 smb:930 d:s ref:0 ;
in:57 out:58 type:b dur:2 cpbdur:2 q:30.77 aq:26.64 tex:66853 mv:30053 misc:3494 imb:786 pmb:1525 smb:1289 d:s ref:0 ;
in:60 out:59 type:P dur:2 cpbdur:2 q:31.35 aq:25.34 tex:100869 mv:31116 misc:3487 imb:2079 pmb:684 smb:837 d:s ref:0 ;
in:59 out:60 type:b dur:2 cpbdur:2 q:31.16 aq:27.08 tex:61560 mv:29800 misc:3544 imb:789 pmb:1528 smb:1283 d:s ref:0 ;
in:62 out:61 type:P dur:2 cpbdur:2 q:31.68 aq:25.25 tex:101029 mv:30804 misc:3375 imb:2094 pmb:630 smb:876 d:s ref:0 ;
in:61 out:62 type:b dur:2 cpbdur:2 q:31.51 aq:27.58 tex:64042 mv:29987 misc:3427 imb:777 pmb:1531 smb:1292 d:s ref:0 ;
in:64 out:63 type:P dur:2 cpbdur:2 q:31.95 aq:26.85 tex:95896 mv:29549 misc:3363 imb:1956 pmb:673 smb:971 d:s ref:0 ;
in:63 out:64 type:b dur:2 cpbdur:2 q:31.81 aq:26.91 tex:59294 mv:28083 misc:3343 imb:645 pmb:1525 smb:1430 d:s ref:0 ;
in:66 out:65 type:P dur:2 cpbdur:2 q:32.17 aq:26.35 tex:99894 mv:29548 misc:3422 imb:2118 pmb:570 smb:912 d:s ref:0 ;
in:65 out:66 type:b dur:2 cpbdur:2 q:32.06 aq:28.78 tex:63356 mv:30609 misc:3499 imb:819 pmb:1533 smb:1248 d:s ref:0 ;
in:69 out:67 type:P dur:2 cpbdur:2 q:32.39 aq:26.55 tex:96141 mv:27576 misc:3371 imb:2145 pmb:484 smb:971 d:s ref:0 ;
in:67 out:68 type:B dur:2 cpbdur:2 q:32.24 aq:28.10 tex:68220 mv:29583 misc:3469 imb:932 pmb:1397 smb:1271 d:s ref:0 ;
in:68 out:69 type:b dur:2 cpbdur:2 q:32.31 aq:28.75 tex:58316 mv:26948 misc:3352 imb:710 pmb:1440 smb:1450 d:- ref:0 ;
in:70 out:70 type:P dur:2 cpbdur:2 q:32.61 aq:28.21 tex:76534 mv:26057 misc:3289 imb:1665 pmb:675 smb:1260 d:s ref:0 ;
in:72 out:71 type:P dur:2 cpbdur:2 q:32.77 aq:27.89 tex:90744 mv:27848 misc:3392 imb:2000 pmb:568 smb:1032 d:s ref:0 ;
in:71 out:72 type:b dur:2 cpbdur:2 q:32.69 aq:29.47 tex:53457 mv:26266 misc:3389 imb:774 pmb:1384 smb:1442 d:s ref:0 ;
in:75 out:73 type:P dur:2 cpbdur:2 q:32.95 aq:27.91 tex:87520 mv:28981 misc:3451 imb:2231 pmb:513 smb:856 d:s ref:0 ;
in:73 out:74 type:B dur:2 cpbdur:2 q:32.83 aq:28.51 tex:56258 mv:28055 misc:3519 imb:752 pmb:1569 smb:1279 d:s ref:0 ;
in:74 out:75 type:b dur:2 cpbdur:2 q:32.89 aq:29.51 tex:52414 mv:26586 misc:3392 imb:692 pmb:1556 smb:1352 d:- ref:0 ;
in:77 out:76 type:P dur:2 cpbdur:2 q:33.15 aq:27.96 tex:87712 mv:28870 misc:3434 imb:2189 pmb:538 smb:873 d:s ref:0 ;
in:76 out:77 type:b dur:2 cpbdur:2 q:33.05 aq:29.41 tex:54895 mv:26298 misc:3431 imb:818 pmb:1438 smb:1344 d:s ref:0 ;
in:79 out:78 type:P dur:2 cpbdur:2 q:33.34 aq:27.34 tex:81415 mv:27090 misc:3431 imb:2094 pmb:494 smb:1012 d:s ref:0 ;
in:78 out:79 type:b dur:2 cpbdur:2 q:33.24 aq:29.83 tex:49916 mv:25336 misc:3396 imb:600 pmb:1500 smb:1500 d:s ref:0 ;
in:82 out:80 type:P dur:2 cpbdur:2 q:33.51 aq:28.27 tex:82280 mv:28116 misc:3412 imb:2156 pmb:502 smb:942 d:s ref:0 ;
in:80 out:81 type:B dur:2 cpbdur:2 q:33.40 aq:29.45 tex:52795 mv:25778 misc:3483 imb:725 pmb:1436 smb:1439 d:s ref:0 ;
in:81 out:82 type:b dur:2 cpbdur:2 q:33.45 aq:29.63 tex:44010 mv:23381 misc:3289 imb:597 pmb:1367 smb:1636 d:- ref:0 ;
in:84 out:83 type:P dur:2 cpbdur:2 q:33.70 aq:28.96 tex:76241 mv:28178 misc:3445 imb:1955 pmb:572 smb:1073 d:s ref:0 ;
in:83 out:84 type:b dur:2 cpbdur:2 q:33.61 aq:30.41 tex:43716 mv:24581 misc:3311 imb:583 pmb:1423 smb:1594 d:s ref:0 ;
in:86 out:85 type:P dur:2 cpbdur:2 q:33.80 aq:28.15 tex:76495 mv:28468 misc:3437 imb:2202 pmb:526 smb:872 d:s ref:0 ;
in:85 out:86 type:b dur:2 cpbdur:2 q:33.75 aq:30.68 tex:40575 mv:23157 misc:3404 imb:610 pmb:1419 smb:1571 d:s ref:0 ;
in:89 out:87 type:P dur:2 cpbdur:2 q:33.85 aq:27.80 tex:75448 mv:27860 misc:3412 imb:2249 pmb:452 smb:899 d:s ref:0 ;
in:87 out:88 type:B dur:2 cpbdur:2 q:33.82 aq:29.66 tex:46972 mv:25668 misc:3440 imb:789 pmb:1388 smb:1423 d:s ref:0 ;
in:88 out:89 type:b dur:2 cpbdur:2 q:33.83 aq:30.53 tex:39333 mv:24033 misc:3442 imb:596 pmb:1431 smb:1573 d:- ref:0 ;
in:91 out:90 type:P dur:2 cpbdur:2 q:34.01 aq:28.63 tex:70062 mv:26188 misc:3398 imb:1937 pmb:550 smb:1113 d:s ref:0 ;
in:90 out:91 type:b dur:2 cpbdur:2 q:33.93 aq:30.24 tex:40758 mv:22259 misc:3303 imb:642 pmb:1341 smb:1617 d:s ref:0 ;
in:94 out:92 type:P dur:2 cpbdur:2 q:34.09 aq:29.11 tex:79578 mv:29532 misc:3506 imb:2385 pmb:460 smb:755 d:s ref:0 ;
in:92 out:93 type:B dur:2 cpbdur:2 q:34.03 aq:29.37 tex:52095 mv:26264 misc:3577 imb:838 pmb:1476 smb:1286 d:s ref:0 ;
in:93 out:94 type:b dur:2 cpbdur:2 q:34.06 aq:29.85 tex:38792 mv:25065 misc:3551 imb:672 pmb:1491 smb:1437 d:- ref:0 ;
in:96 out:95 type:P dur:2 cpbdur:2 q:34.16 aq:29.63 tex:73194 mv:30040 misc:3526 imb:2342 pmb:520 smb:738 d:s ref:0 ;
in:95 out:96 type:b dur:2 cpbdur:2 q:34.12 aq:30.40 tex:38524 mv:23466 misc:3466 imb:690 pmb:1430 smb:1480 d:s ref:0 ;
in:98 out:97 type:P dur:2 cpbdur:2 q:34.22 aq:29.21 tex:76705 mv:30276 misc:3547 imb:2410 pmb:488 smb:702 d:s ref:0 ;
in:97 out:98 type:b dur:2 cpbdur:2 q:34.19 aq:31.10 tex:38811 mv:25090 misc:3467 imb:687 pmb:1464 smb:1449 d:s ref:0 ;
in:100 out:99 type:P dur:2 cpbdur:2 q:34.29 aq:30.18 tex:70747 mv:30839 misc:3534 imb:2252 pmb:611 smb:737 d:s ref:0 ;
in:99 out:100 type:b dur:2 cpbdur:2 q:34.25 aq:31.13 tex:38946 mv:25722 misc:3532 imb:776 pmb:1458 smb:1366 d:s ref:0 ;
in:102 out:101 type:P dur:2 cpbdur:2 q:34.31 aq:29.56 tex:73453 mv:28975 misc:3468 imb:2268 pmb:477 smb:855 d:s ref:0 ;
in:101 out:102 type:b dur:2 cpbdur:2 q:34.30 aq:31.24 tex:42992 mv:26072 misc:3376 imb:812 pmb:1356 smb:1432 d:s ref:0 ;
in:104 out:103 type:P dur:2 cpbdur:2 q:34.36 aq:30.14 tex:83249 mv:32433 misc:3606 imb:2524 pmb:499 smb:577 d:s ref:0 ;
in:103 out:104 type:b dur:2 cpbdur:2 q:34.33 aq:30.75 tex:42773 mv:28492 misc:3639 imb:856 pmb:1514 smb:1230 d:s ref:0 ;
in:106 out:105 type:P dur:2 cpbdur:2 q:34.47 aq:29.73 tex:78372 mv:31120 misc:3668 imb:2426 pmb:546 smb:628 d:s ref:0 ;
in:105 out:106 type:b dur:2 cpbdur:2 q:34.42 aq:31.65 tex:43074 mv:26235 misc:3539 imb:717 pmb:1487 smb:1396 d:s ref:0 ;
in:108 out:107 type:P dur:2 cpbdur:2 q:34.54 aq:29.82 tex:68312 mv:30178 misc:3662 imb:2221 pmb:640 smb:739 d:s ref:0 ;
in:107 out:108 type:b dur:2 cpbdur:2 q:34.50 aq:31.39 tex:35074 mv:23226 misc:3580 imb:635 pmb:1372 smb:1593 d:s ref:0 ;
in:110 out:109 type:P dur:2 cpbdur:2 q:34.59 aq:29.92 tex:69485 mv:30613 misc:3622 imb:2331 pmb:595 smb:674 d:s ref:0 ;
in:109 out:110 type:b dur:2 cpbdur:2 q:34.56 aq:31.52 tex:32856 mv:24387 misc:3565 imb:659 pmb:1435 smb:1506 d:s ref:0 ;
in:112 out:111 type:P dur:2 cpbdur:2 q:34.62 aq:29.96 tex:68872 mv:29423 misc:3625 imb:2146 pmb:639 smb:815 d:s ref:0 ;
in:111 out:112 type:b dur:2 cpbdur:2 q:34.61 aq:31.66 tex:31609 mv:23160 misc:3471 imb:574 pmb:1402 smb:1624 d:s ref:0 ;
in:115 out:113 type:P dur:2 cpbdur:2 q:34.66 aq:30.07 tex:68963 mv:28512 misc:3613 imb:2186 pmb:562 smb:852 d:s ref:0 ;
in:113 out:114 type:B dur:2 cpbdur:2 q:34.64 aq:31.25 tex:42688 mv:25322 misc:3542 imb:712 pmb:1436 smb:1452 d:s ref:0 ;
in:114 out:115 type:b dur:2 cpbdur:2 q:34.65 aq:32.19 tex:33625 mv:23395 misc:3252 imb:589 pmb:1247 smb:1764 d:- ref:0 ;
in:117 out:116 type:P dur:2 cpbdur:2 q:34.72 aq:30.24 tex:63750 mv:29547 misc:3663 imb:2174 pmb:667 smb:759 d:s ref:0 ;
in:116 out:117 type:b dur:2 cpbdur:2 q:34.69 aq:31.83 tex:32799 mv:22302 misc:3363 imb:564 pmb:1270 smb:1766 d:s ref:0 ;
in:119 out:118 type:P dur:2 cpbdur:2 q:34.77 aq:28.97 tex:59704 mv:28473 misc:3711 imb:2163 pmb:599 smb:838 d:s ref:0 ;
in:118 out:119 type:b dur:2 cpbdur:2 q:34.74 aq:31.63 tex:31751 mv:21421 misc:3308 imb:610 pmb:1243 smb:1747 d:s ref:0 ;
in:122 out:120 type:P dur:2 cpbdur:2 q:34.78 aq:29.84 tex:63430 mv:30326 misc:3572 imb:2282 pmb:590 smb:728 d:s ref:0 ;
in:120 out:121 type:B dur:2 cpbdur:2 q:34.77 aq:30.93 tex:38282 mv:25062 misc:3504 imb:757 pmb:1358 smb:1485 d:s ref:0 ;
in:121 out:122 type:b dur:2 cpbdur:2 q:34.78 aq:31.77 tex:28167 mv:21533 misc:3412 imb:541 pmb:1319 smb:1740 d:- ref:0 ;
in:124 out:123 type:P dur:2 cpbdur:2 q:34.82 aq:29.56 tex:61473 mv:28237 misc:3610 imb:2100 pmb:589 smb:911 d:s ref:0 ;
in:123 out:124 type:b dur:2 cpbdur:2 q:34.80 aq:30.58 tex:32780 mv:23121 misc:3587 imb:644 pmb:1425 smb:1531 d:s ref:0 ;
in:126 out:125 type:P dur:2 cpbdur:2 q:34.82 aq:29.67 tex:62019 mv:28846 misc:3575 imb:2180 pmb:592 smb:828 d:s ref:0 ;
in:125 out:126 type:b dur:2 cpbdur:2 q:34.82 aq:31.08 tex:31030 mv:22899 misc:3519 imb:660 pmb:1401 smb:1539 d:s ref:0 ;
in:128 out:127 type:P dur:2 cpbdur:2 q:34.79 aq:29.48 tex:57160 mv:28438 misc:3578 imb:2125 pmb:592 smb:883 d:s ref:0 ;
in:127 out:128 type:b dur:2 cpbdur:2 q:34.81 aq:31.41 tex:29752 mv:21568 misc:3440 imb:564 pmb:1346 smb:1690 d:s ref:0 ;
in:130 out:129 type:P dur:2 cpbdur:2 q:34.79 aq:29.39 tex:61196 mv:28059 misc:3545 imb:2272 pmb:495 smb:833 d:s ref:0 ;
in:129 out:130 type:b dur:2 cpbdur:2 q:34.79 aq:31.25 tex:31622 mv:24025 misc:3505 imb:685 pmb:1361 smb:1554 d:s ref:0 ;
in:132 out:131 type:P dur:2 cpbdur:2 q:34.78 aq:28.21 tex:57696 mv:28878 misc:3586 imb:2372 pmb:480 smb:748 d:s ref:0 ;
in:131 out:132 type:b dur:2 cpbdur:2 q:34.79 aq:30.99 tex:29533 mv:23426 misc:3457 imb:685 pmb:1394 smb:1521 d:s ref:0 ;
in:134 out:133 type:P dur:2 cpbdur:2 q:34.79 aq:29.33 tex:58182 mv:27299 misc:3455 imb:2137 pmb:511 smb:952 d:s ref:0 ;
in:133 out:134 type:b dur:2 cpbdur:2 q:34.79 aq:30.71 tex:30691 mv:22039 misc:3470 imb:624 pmb:1375 smb:1601 d:s ref:0 ;
in:136 out:135 type:P dur:2 cpbdur:2 q:34.79 aq:30.19 tex:60062 mv:28682 misc:3576 imb:2220 pmb:528 smb:852 d:s ref:0 ;
in:135 out:136 type:b dur:2 cpbdur:2 q:34.79 aq:30.90 tex:32224 mv:23248 misc:3520 imb:650 pmb:1394 smb:1556 d:s ref:0 ;
in:138 out:137 type:P dur:2 cpbdur:2 q:34.80 aq:30.32 tex:65126 mv:31839 misc:3627 imb:2546 pmb:493 smb:561 d:s ref:0 ;
in:137 out:138 type:b dur:2 cpbdur:2 q:34.79 aq:31.13 tex:31623 mv:24511 misc:3594 imb:714 pmb:1427 smb:1459 d:s ref:0 ;
in:140 out:139 type:P dur:2 cpbdur:2 q:34.82 aq:30.58 tex:66554 mv:32065 misc:3637 imb:2463 pmb:583 smb:554 d:s ref:0 ;
in:139 out:140 type:b dur:2 cpbdur:2 q:34.81 aq:31.77 tex:32541 mv:24753 misc:3562 imb:683 pmb:1415 smb:1502 d:s ref:0 ;
in:142 out:141 type:P dur:2 cpbdur:2 q:34.84 aq:31.11 tex:64692 mv:31896 misc:3628 imb:2305 pmb:636 smb:659 d:s ref:0 ;
in:141 out:142 type:b dur:2 cpbdur:2 q:34.83 aq:32.78 tex:34142 mv:24818 misc:3376 imb:745 pmb:1264 smb:1591 d:s ref:0 ;
in:144 out:143 type:P dur:2 cpbdur:2 q:34.87 aq:31.34 tex:67315 mv:32974 misc:3615 imb:2257 pmb:714 smb:629 d:s ref:0 ;
in:143 out:144 type:b dur:2 cpbdur:2 q:34.85 aq:32.45 tex:34627 mv:26406 misc:3559 imb:761 pmb:1344 smb:1495 d:s ref:0 ;
in:147 out:145 type:P dur:2 cpbdur:2 q:34.90 aq:31.70 tex:68539 mv:33262 misc:3647 imb:2569 pmb:558 smb:473 d:s ref:0 ;
in:145 out:146 type:B dur:2 cpbdur:2 q:34.88 aq:32.06 tex:41001 mv:29942 misc:3745 imb:874 pmb:1560 smb:1166 d:s ref:0 ;
in:146 out:147 type:b dur:2 cpbdur:2 q:34.89 aq:32.63 tex:31575 mv:25280 misc:3633 imb:667 pmb:1464 smb:1469 d:- ref:0 ;
in:148 out:148 type:P dur:2 cpbdur:2 q:34.90 aq:31.29 tex:63300 mv:33356 misc:3712 imb:2186 pmb:922 smb:492 d:s ref:0 ;
in:151 out:149 type:P dur:2 cpbdur:2 q:34.95 aq:31.56 tex:65011 mv:32972 misc:3713 imb:2559 pmb:580 smb:461 d:s ref:0 ;
in:149 out:150 type:B dur:2 cpbdur:2 q:34.92 aq:32.13 tex:36382 mv:27931 misc:3743 imb:824 pmb:1457 smb:1319 d:s ref:0 ;
in:150 out:151 type:b dur:2 cpbdur:2 q:34.94 aq:32.84 tex:34212 mv:25578 misc:3594 imb:732 pmb:1392 smb:1476 d:- ref:0 ;
in:154 out:152 type:P dur:2 cpbdur:2 q:34.97 aq:31.07 tex:74383 mv:34027 misc:3646 imb:2675 pmb:515 smb:410 d:s ref:0 ;
in:152 out:153 type:B dur:2 cpbdur:2 q:34.96 aq:31.80 tex:44354 mv:27799 misc:3727 imb:1005 pmb:1437 smb:1158 d:s ref:0 ;
in:153 out:154 type:b dur:2 cpbdur:2 q:34.96 aq:32.84 tex:31477 mv:24277 misc:3478 imb:710 pmb:1315 smb:1575 d:- ref:0 ;
in:156 out:155 type:P dur:2 cpbdur:2 q:35.00 aq:30.77 tex:66619 mv:32256 misc:3669 imb:2520 pmb:614 smb:466 d:s ref:0 ;
in:155 out:156 type:b dur:2 cpbdur:2 q:34.98 aq:32.50 tex:31543 mv:24559 misc:3418 imb:725 pmb:1271 smb:1604 d:s ref:0 ;
in:158 out:157 type:P dur:2 cpbdur:2 q:35.02 aq:30.50 tex:63624 mv:31481 misc:3679 imb:2352 pmb:633 smb:615 d:s ref:0 ;
in:157 out:158 type:b dur:2 cpbdur:2 q:35.01 aq:32.83 tex:34151 mv:23528 misc:3297 imb:699 pmb:1232 smb:1669 d:s ref:0 ;
in:160 out:159 type:P dur:2 cpbdur:2 q:35.01 aq:30.40 tex:68589 mv:32396 misc:3655 imb:2447 pmb:624 smb:529 d:s ref:0 ;
in:159 out:160 type:b dur:2 cpbdur:2 q:35.01 aq:32.53 tex:35291 mv:22734 misc:3127 imb:717 pmb:1114 smb:1769 d:s ref:0 ;
in:162 out:161 type:P dur:2 cpbdur:2 q:35.04 aq:30.47 tex:66520 mv:31734 misc:3602 imb:2389 pmb:608 smb:603 d:s ref:0 ;
in:161 out:162 type:b dur:2 cpbdur:2 q:35.02 aq:32.42 tex:33016 mv:24663 misc:3209 imb:715 pmb:1165 smb:1720 d:s ref:0 ;
in:164 out:163 type:P dur:2 cpbdur:2 q:35.02 aq:31.04 tex:68670 mv:30487 misc:3603 imb:2295 pmb:605 smb:700 d:s ref:0 ;
in:163 out:164 type:b dur:2 cpbdur:2 q:35.03 aq:31.97 tex:34926 mv:26132 misc:3374 imb:703 pmb:1376 smb:1521 d:s ref:0 ;
in:166 out:165 type:P dur:2 cpbdur:2 q:35.06 aq:31.60 tex:77889 mv:31359 misc:3552 imb:2421 pmb:521 smb:658 d:s ref:0 ;
in:165 out:166 type:b dur:2 cpbdur:2 q:35.04 aq:32.32 tex:41836 mv:28897 misc:3483 imb:963 pmb:1297 smb:1340 d:s ref:0 ;
in:168 out:167 type:P dur:2 cpbdur:2 q:35.08 aq:31.61 tex:67467 mv:28944 misc:3493 imb:2048 pmb:612 smb:940 d:s ref:0 ;
in:167 out:168 type:b dur:2 cpbdur:2 q:35.07 aq:32.95 tex:40363 mv:27429 misc:3312 imb:896 pmb:1215 smb:1489 d:s ref:0 ;
in:170 out:169 type:P dur:2 cpbdur:2 q:35.09 aq:31.06 tex:69933 mv:30962 misc:3553 imb:2267 pmb:606 smb:727 d:s ref:0 ;
in:169 out:170 type:b dur:2 cpbdur:2 q:35.09 aq:32.54 tex:35999 mv:26571 misc:3270 imb:791 pmb:1213 smb:1596 d:s ref:0 ;
in:172 out:171 type:P dur:2 cpbdur:2 q:35.11 aq:31.84 tex:74985 mv:30202 misc:3533 imb:2126 pmb:624 smb:850 d:s ref:0 ;
in:171 out:172 type:b dur:2 cpbdur:2 q:35.10 aq:33.47 tex:37532 mv:26230 misc:3254 imb:801 pmb:1204 smb:1595 d:s ref:0 ;
in:175 out:173 type:P dur:2 cpbdur:2 q:35.14 aq:31.04 tex:70844 mv:30698 misc:3538 imb:2272 pmb:564 smb:764 d:s ref:0 ;
in:173 out:174 type:B dur:2 cpbdur:2 q:35.12 aq:32.71 tex:46943 mv:27145 misc:3184 imb:937 pmb:1131 smb:1532 d:s ref:0 ;
in:174 out:175 type:b dur:2 cpbdur:2 q:35.13 aq:33.60 tex:36352 mv:23896 misc:3104 imb:760 pmb:1166 smb:1674 d:- ref:0 ;
in:178 out:176 type:P dur:2 cpbdur:2 q:35.14 aq:29.81 tex:64997 mv:31027 misc:3616 imb:2468 pmb:527 smb:605 d:s ref:0 ;
in:176 out:177 type:B dur:2 cpbdur:2 q:35.14 aq:32.05 tex:43587 mv:25163 misc:3386 imb:857 pmb:1255 smb:1488 d:s ref:0 ;
in:177 out:178 type:b dur:2 cpbdur:2 q:35.14 aq:31.89 tex:32278 mv:22046 misc:3444 imb:592 pmb:1350 smb:1658 d:- ref:0 ;
in:181 out:179 type:P dur:2 cpbdur:2 q:35.18 aq:30.38 tex:65327 mv:30466 misc:3567 imb:2383 pmb:562 smb:655 d:s ref:0 ;
in:179 out:180 type:B dur:2 cpbdur:2 q:35.15 aq:31.61 tex:38041 mv:23652 misc:3411 imb:770 pmb:1282 smb:1548 d:s ref:0 ;
in:180 out:181 type:b dur:2 cpbdur:2 q:35.17 aq:32.66 tex:29482 mv:21742 misc:3152 imb:630 pmb:1174 smb:1796 d:- ref:0 ;
in:184 out:182 type:P dur:2 cpbdur:2 q:35.19 aq:30.73 tex:64858 mv:29427 misc:3539 imb:2196 pmb:605 smb:799 d:s ref:0 ;
in:182 out:183 type:B dur:2 cpbdur:2 q:35.18 aq:32.15 tex:37008 mv:24066 misc:3406 imb:846 pmb:1192 smb:1562 d:s ref:0 ;
in:183 out:184 type:b dur:2 cpbdur:2 q:35.19 aq:32.98 tex:27527 mv:20330 misc:3111 imb:595 pmb:1082 smb:1923 d:- ref:0 ;
in:186 out:185 type:P dur:2 cpbdur:2 q:35.23 aq:31.03 tex:61667 mv:25693 misc:3496 imb:1839 pmb:603 smb:1158 d:s ref:0 ;
in:185 out:186 type:b dur:2 cpbdur:2 q:35.21 aq:33.61 tex:30767 mv:20918 misc:2947 imb:637 pmb:1046 smb:1917 d:s ref:0 ;
in:190 out:187 type:P dur:2 cpbdur:2 q:35.23 aq:31.09 tex:70801 mv:31076 misc:3571 imb:2353 pmb:584 smb:663 d:s ref:0 ;
in:188 out:188 type:B dur:2 cpbdur:2 q:35.23 aq:31.98 tex:47701 mv:26936 misc:3363 imb:867 pmb:1314 smb:1419 d:s ref:0 ;
in:187 out:189 type:b dur:2 cpbdur:2 q:35.23 aq:33.38 tex:29264 mv:20675 misc:3133 imb:510 pmb:1255 smb:1835 d:s ref:0 ;
in:189 out:190 type:b dur:2 cpbdur:2 q:35.23 aq:33.12 tex:29207 mv:21146 misc:3143 imb:510 pmb:1270 smb:1820 d:- ref:0 ;
in:192 out:191 type:P dur:2 cpbdur:2 q:35.26 aq:30.87 tex:61344 mv:27472 misc:3528 imb:1904 pmb:646 smb:1050 d:s ref:0 ;
in:191 out:192 type:b dur:2 cpbdur:2 q:35.25 aq:33.15 tex:26729 mv:20122 misc:3029 imb:505 pmb:1186 smb:1909 d:s ref:0 ;
in:194 out:193 type:P dur:2 cpbdur:2 q:35.24 aq:31.84 tex:61088 mv:27256 misc:3424 imb:1807 pmb:640 smb:1153 d:s ref:0 ;
in:193 out:194 type:b dur:2 cpbdur:2 q:35.25 aq:33.08 tex:28873 mv:22212 misc:3235 imb:632 pmb:1172 smb:1796 d:s ref:0 ;
in:196 out:195 type:P dur:2 cpbdur:2 q:35.25 aq:31.56 tex:63692 mv:30230 misc:3526 imb:2154 pmb:634 smb:812 d:s ref:0 ;
in:195 out:196 type:b dur:2 cpbdur:2 q:35.24 aq:33.00 tex:32038 mv:24481 misc:3177 imb:669 pmb:1209 smb:1722 d:s ref:0 ;
in:199 out:197 type:P dur:2 cpbdur:2 q:35.24 aq:30.93 tex:69901 mv:30370 misc:3529 imb:2393 pmb:522 smb:685 d:s ref:0 ;
in:197 out:198 type:B dur:2 cpbdur:2 q:35.25 aq:32.57 tex:39704 mv:26217 misc:3431 imb:811 pmb:1285 smb:1504 d:s ref:0 ;
in:198 out:199 type:b dur:2 cpbdur:2 q:35.24 aq:32.79 tex:32581 mv:21912 misc:3187 imb:612 pmb:1210 smb:1778 d:- ref:0 ;
in:202 out:200 type:P dur:2 cpbdur:2 q:35.24 aq:30.96 tex:65991 mv:30754 misc:3567 imb:2435 pmb:466 smb:699 d:s ref:0 ;
in:200 out:201 type:B dur:2 cpbdur:2 q:35.24 aq:31.66 tex:39362 mv:26088 misc:3494 imb:701 pmb:1460 smb:1439 d:s ref:0 ;
in:201 out:202 type:b dur:2 cpbdur:2 q:35.24 aq:32.24 tex:31542 mv:22049 misc:3385 imb:512 pmb:1413 smb:1675 d:- ref:0 ;
in:205 out:203 type:P dur:2 cpbdur:2 q:35.18 aq:30.85 tex:66483 mv:33040 misc:3645 imb:2705 pmb:464 smb:431 d:s ref:0 ;
in:203 out:204 type:B dur:2 cpbdur:2 q:35.22 aq:31.62 tex:37376 mv:26377 misc:3711 imb:840 pmb:1391 smb:1369 d:s ref:0 ;
in:204 out:205 type:b dur:2 cpbdur:2 q:35.20 aq:32.39 tex:27294 mv:21950 misc:3412 imb:604 pmb:1320 smb:1676 d:- ref:0 ;
in:207 out:206 type:P dur:2 cpbdur:2 q:35.14 aq:31.10 tex:60994 mv:29671 misc:3655 imb:2317 pmb:571 smb:712 d:s ref:0 ;
in:206 out:207 type:b dur:2 cpbdur:2 q:35.16 aq:32.63 tex:26496 mv:21788 misc:3316 imb:607 pmb:1250 smb:1743 d:s ref:0 ;
in:210 out:208 type:P dur:2 cpbdur:2 q:35.14 aq:30.84 tex:66348 mv:31616 misc:3724 imb:2543 pmb:504 smb:553 d:s ref:0 ;
in:208 out:209 type:B dur:2 cpbdur:2 q:35.14 aq:32.19 tex:37988 mv:24397 misc:3479 imb:925 pmb:1153 smb:1522 d:s ref:0 ;
in:209 out:210 type:b dur:2 cpbdur:2 q:35.14 aq:33.24 tex:28784 mv:22289 misc:3263 imb:718 pmb:1077 smb:1805 d:- ref:0 ;
in:212 out:211 type:P dur:2 cpbdur:2 q:35.15 aq:31.21 tex:59241 mv:28769 misc:3694 imb:2105 pmb:623 smb:872 d:s ref:0 ;
in:211 out:212 type:b dur:2 cpbdur:2 q:35.14 aq:32.58 tex:25312 mv:20886 misc:3210 imb:612 pmb:1130 smb:1858 d:s ref:0 ;
in:214 out:213 type:P dur:2 cpbdur:2 q:35.18 aq:31.09 tex:63726 mv:30289 misc:3697 imb:2234 pmb:645 smb:721 d:s ref:0 ;
in:213 out:214 type:b dur:2 cpbdur:2 q:35.16 aq:32.58 tex:27696 mv:21421 misc:3315 imb:546 pmb:1257 smb:1797 d:s ref:0 ;
in:216 out:215 type:P dur:2 cpbdur:2 q:35.20 aq:30.67 tex:64200 mv:29995 misc:3653 imb:2392 pmb:557 smb:651 d:s ref:0 ;
in:215 out:216 type:b dur:2 cpbdur:2 q:35.19 aq:32.75 tex:30599 mv:23213 misc:3332 imb:670 pmb:1211 smb:1719 d:s ref:0 ;
in:218 out:217 type:P dur:2 cpbdur:2 q:35.19 aq:30.24 tex:56809 mv:29041 misc:3638 imb:2187 pmb:621 smb:792 d:s ref:0 ;
in:217 out:218 type:b dur:2 cpbdur:2 q:35.19 aq:32.50 tex:27638 mv:21079 misc:3227 imb:563 pmb:1215 smb:1822 d:s ref:0 ;
in:220 out:219 type:P dur:2 cpbdur:2 q:35.18 aq:30.06 tex:57976 mv:29065 misc:3591 imb:2299 pmb:541 smb:760 d:s ref:0 ;
in:219 out:220 type:b dur:2 cpbdur:2 q:35.19 aq:32.06 tex:28295 mv:21399 misc:3290 imb:605 pmb:1161 smb:1834 d:s ref:0 ;
in:222 out:221 type:P dur:2 cpbdur:2 q:35.19 aq:30.12 tex:57182 mv:30430 misc:3620 imb:2244 pmb:642 smb:714 d:s ref:0 ;
in:221 out:222 type:b dur:2 cpbdur:2 q:35.19 aq:32.34 tex:24938 mv:19756 misc:3282 imb:500 pmb:1206 smb:1894 d:s ref:0 ;
in:224 out:223 type:P dur:2 cpbdur:2 q:35.17 aq:30.21 tex:51929 mv:25817 misc:3566 imb:1906 pmb:593 smb:1101 d:s ref:0 ;
in:223 out:224 type:b dur:2 cpbdur:2 q:35.18 aq:32.01 tex:26169 mv:20192 misc:3383 imb:485 pmb:1282 smb:1833 d:s ref:0 ;
in:227 out:225 type:P dur:2 cpbdur:2 q:35.14 aq:31.00 tex:54406 mv:29456 misc:3618 imb:2388 pmb:536 smb:676 d:s ref:0 ;
in:225 out:226 type:B dur:2 cpbdur:2 q:35.16 aq:30.69 tex:34758 mv:23038 misc:3604 imb:728 pmb:1408 smb:1464 d:s ref:0 ;
in:226 out:227 type:b dur:2 cpbdur:2 q:35.15 aq:31.97 tex:26312 mv:19613 misc:3195 imb:550 pmb:1121 smb:1929 d:- ref:0 ;
in:228 out:228 type:P dur:2 cpbdur:2 q:35.08 aq:29.98 tex:52128 mv:28653 misc:3739 imb:2035 pmb:775 smb:790 d:s ref:0 ;
in:230 out:229 type:P dur:2 cpbdur:2 q:35.09 aq:30.67 tex:55717 mv:28644 misc:3687 imb:2183 pmb:570 smb:847 d:s ref:0 ;
in:229 out:230 type:b dur:2 cpbdur:2 q:35.08 aq:31.96 tex:27937 mv:19271 misc:3112 imb:537 pmb:1103 smb:1960 d:s ref:0 ;
in:231 out:231 type:P dur:2 cpbdur:2 q:35.07 aq:30.70 tex:47477 mv:25341 misc:3614 imb:1755 pmb:691 smb:1154 d:s ref:0 ;
in:233 out:232 type:P dur:2 cpbdur:2 q:35.06 aq:30.67 tex:59804 mv:31249 misc:3715 imb:2552 pmb:551 smb:497 d:s ref:0 ;
in:232 out:233 type:b dur:2 cpbdur:2 q:35.07 aq:32.43 tex:30657 mv:20929 misc:3078 imb:679 pmb:1075 smb:1846 d:s ref:0 ;
in:234 out:234 type:P dur:2 cpbdur:2 q:35.05 aq:29.84 tex:50546 mv:28613 misc:3721 imb:2127 pmb:697 smb:776 d:s ref:0 ;
in:236 out:235 type:P dur:2 cpbdur:2 q:35.05 aq:29.64 tex:61571 mv:30471 misc:3710 imb:2357 pmb:575 smb:668 d:s ref:0 ;
in:235 out:236 type:b dur:2 cpbdur:2 q:35.05 aq:31.21 tex:30295 mv:23090 misc:3439 imb:691 pmb:1280 smb:1629 d:s ref:0 ;
in:238 out:237 type:P dur:2 cpbdur:2 q:35.04 aq:29.56 tex:58365 mv:28854 misc:3653 imb:2126 pmb:656 smb:818 d:s ref:0 ;
in:237 out:238 type:b dur:2 cpbdur:2 q:35.05 aq:31.17 tex:34178 mv:22236 misc:3586 imb:670 pmb:1364 smb:1566 d:s ref:0 ;
in:240 out:239 type:P dur:2 cpbdur:2 q:35.02 aq:30.31 tex:56468 mv:28716 misc:3552 imb:2200 pmb:576 smb:824 d:s ref:0 ;
in:239 out:240 type:b dur:2 cpbdur:2 q:35.03 aq:31.48 tex:32177 mv:22560 misc:3303 imb:695 pmb:1222 smb:1683 d:s ref:0 ;
in:242 out:241 type:P dur:2 cpbdur:2 q:35.02 aq:30.68 tex:62804 mv:31888 misc:3548 imb:2398 pmb:592 smb:610 d:s ref:0 ;
in:241 out:242 type:b dur:2 cpbdur:2 q:35.02 aq:32.12 tex:31475 mv:23628 misc:3185 imb:746 pmb:1124 smb:1730 d:s ref:0 ;
in:244 out:243 type:P dur:2 cpbdur:2 q:35.01 aq:30.71 tex:62596 mv:31282 misc:3554 imb:2293 pmb:624 smb:683 d:s ref:0 ;
in:243 out:244 type:b dur:2 cpbdur:2 q:35.02 aq:32.29 tex:34882 mv:25128 misc:3206 imb:787 pmb:1124 smb:1689 d:s ref:0 ;
in:246 out:245 type:P dur:2 cpbdur:2 q:35.01 aq:30.06 tex:58636 mv:29067 misc:3537 imb:2061 pmb:631 smb:908 d:s ref:0 ;
in:245 out:246 type:b dur:2 cpbdur:2 q:35.01 aq:32.18 tex:32283 mv:24240 misc:3261 imb:717 pmb:1182 smb:1701 d:s ref:0 ;
in:248 out:247 type:P dur:2 cpbdur:2 q:35.02 aq:30.02 tex:54380 mv:26860 misc:3472 imb:1925 pmb:610 smb:1065 d:s ref:0 ;
in:247 out:248 type:b dur:2 cpbdur:2 q:35.02 aq:31.82 tex:29745 mv:22543 misc:3256 imb:673 pmb:1135 smb:1792 d:s ref:0 ;
in:249 out:249 type:I dur:2 cpbdur:2 q:32.17 aq:26.68 tex:90937 mv:41482 misc:381 imb:3600 pmb:0 smb:0 d:s ref:;
in:250 out:250 type:P dur:2 cpbdur:2 q:35.05 aq:30.90 tex:40557 mv:20067 misc:3064 imb:1318 pmb:599 smb:1683 d:s ref:0 ;
in:252 out:251 type:P dur:2 cpbdur:2 q:35.06 aq:30.18 tex:60294 mv:27859 misc:3479 imb:2020 pmb:599 smb:981 d:s ref:0 ;
in:251 out:252 type:b dur:2 cpbdur:2 q:35.06 aq:33.27 tex:27708 mv:21286 misc:2830 imb:634 pmb:968 smb:1998 d:s ref:0 ;
in:254 out:253 type:P dur:2 cpbdur:2 q:35.07 aq:30.34 tex:59339 mv:27158 misc:3503 imb:1941 pmb:604 smb:1055 d:s ref:0 ;
in:253 out:254 type:b dur:2 cpbdur:2 q:35.06 aq:32.21 tex:26990 mv:21388 misc:3222 imb:541 pmb:1248 smb:1811 d:s ref:0 ;
in:258 out:255 type:P dur:2 cpbdur:2 q:35.06 aq:31.05 tex:76194 mv:34635 misc:3627 imb:2849 pmb:409 smb:342 d:s ref:0 ;
in:256 out:256 type:B dur:2 cpbdur:2 q:35.06 aq:31.04 tex:45017 mv:30259 misc:3564 imb:1114 pmb:1283 smb:1203 d:s ref:0 ;
in:255 out:257 type:b dur:2 cpbdur:2 q:35.06 aq:31.49 tex:25471 mv:22420 misc:3493 imb:591 pmb:1348 smb:1661 d:s ref:0 ;
in:257 out:258 type:b dur:2 cpbdur:2 q:35.06 aq:32.32 tex:25500 mv:23514 misc:3426 imb:628 pmb:1276 smb:1696 d:- ref:0 ;
in:261 out:259 type:P dur:2 cpbdur:2 q:35.04 aq:31.74 tex:70991 mv:33713 misc:3696 imb:2564 pmb:567 smb:469 d:s ref:0 ;
in:259 out:260 type:B dur:2 cpbdur:2 q:35.05 aq:32.25 tex:34412 mv:27250 misc:3490 imb:728 pmb:1386 smb:1486 d:s ref:0 ;
in:260 out:261 type:b dur:2 cpbdur:2 q:35.05 aq:32.43 tex:27777 mv:24446 misc:3361 imb:581 pmb:1360 smb:1659 d:- ref:0 ;
in:263 out:262 type:P dur:2 cpbdur:2 q:35.02 aq:31.65 tex:69536 mv:33291 misc:3741 imb:2451 pmb:627 smb:522 d:s ref:0 ;
in:262 out:263 type:b dur:2 cpbdur:2 q:35.03 aq:32.62 tex:29973 mv:26136 misc:3483 imb:670 pmb:1418 smb:1512 d:s ref:0 ;
in:266 out:264 type:P dur:2 cpbdur:2 q:35.02 aq:31.74 tex:81326 mv:35339 misc:3743 imb:2663 pmb:641 smb:296 d:s ref:0 ;
in:264 out:265 type:B dur:2 cpbdur:2 q:35.02 aq:32.37 tex:44348 mv:31742 misc:3694 imb:987 pmb:1496 smb:1117 d:s ref:0 ;
in:265 out:266 type:b dur:2 cpbdur:2 q:35.02 aq:32.90 tex:37324 mv:27157 misc:3567 imb:779 pmb:1437 smb:1384 d:- ref:0 ;
in:268 out:267 type:P dur:2 cpbdur:2 q:35.05 aq:31.85 tex:70098 mv:32591 misc:3735 imb:2417 pmb:665 smb:518 d:s ref:0 ;
in:267 out:268 type:b dur:2 cpbdur:2 q:35.03 aq:33.16 tex:34003 mv:27239 misc:3422 imb:792 pmb:1315 smb:1493 d:s ref:0 ;
in:270 out:269 type:P dur:2 cpbdur:2 q:35.06 aq:31.78 tex:73537 mv:32886 misc:3705 imb:2385 pmb:670 smb:545 d:s ref:0 ;
in:269 out:270 type:b dur:2 cpbdur:2 q:35.05 aq:32.67 tex:32876 mv:26652 misc:3336 imb:760 pmb:1280 smb:1560 d:s ref:0 ;
in:272 out:271 type:P dur:2 cpbdur:2 q:35.07 aq:31.84 tex:69352 mv:31996 misc:3700 imb:2271 pmb:698 smb:631 d:s ref:0 ;
in:271 out:272 type:b dur:2 cpbdur:2 q:35.07 aq:33.07 tex:32828 mv:26135 misc:3413 imb:731 pmb:1263 smb:1606 d:s ref:0 ;
in:274 out:273 type:P dur:2 cpbdur:2 q:35.06 aq:31.76 tex:74283 mv:33434 misc:3699 imb:2342 pmb:734 smb:524 d:s ref:0 ;
in:273 out:274 type:b dur:2 cpbdur:2 q:35.07 aq:33.44 tex:34838 mv:24659 misc:3303 imb:778 pmb:1115 smb:1707 d:s ref:0 ;
in:276 out:275 type:P dur:2 cpbdur:2 q:35.09 aq:32.10 tex:82415 mv:34352 misc:3753 imb:2405 pmb:714 smb:481 d:s ref:0 ;
in:275 out:276 type:b dur:2 cpbdur:2 q:35.08 aq:33.26 tex:39514 mv:28488 misc:3550 imb:798 pmb:1382 smb:1420 d:s ref:0 ;
in:278 out:277 type:P dur:2 cpbdur:2 q:35.14 aq:32.41 tex:82385 mv:35368 misc:3671 imb:2535 pmb:670 smb:395 d:s ref:0 ;
in:277 out:278 type:b dur:2 cpbdur:2 q:35.11 aq:33.19 tex:38637 mv:29204 misc:3519 imb:892 pmb:1306 smb:1402 d:s ref:0 ;
in:280 out:279 type:P dur:2 cpbdur:2 q:35.17 aq:31.87 tex:81237 mv:35516 misc:3703 imb:2645 pmb:606 smb:349 d:s ref:0 ;
in:279 out:280 type:b dur:2 cpbdur:2 q:35.15 aq:33.43 tex:41022 mv:30852 misc:3494 imb:931 pmb:1314 smb:1355 d:s ref:0 ;
in:282 out:281 type:P dur:2 cpbdur:2 q:35.19 aq:31.19 tex:73486 mv:33354 misc:3720 imb:2522 pmb:632 smb:446 d:s ref:0 ;
in:281 out:282 type:b dur:2 cpbdur:2 q:35.18 aq:33.08 tex:34852 mv:27491 misc:3577 imb:796 pmb:1295 smb:1509 d:s ref:0 ;
in:284 out:283 type:P dur:2 cpbdur:2 q:35.20 aq:30.81 tex:65575 mv:32116 misc:3693 imb:2459 pmb:624 smb:517 d:s ref:0 ;
in:283 out:284 type:b dur:2 cpbdur:2 q:35.19 aq:32.60 tex:32633 mv:24700 misc:3419 imb:795 pmb:1154 smb:1651 d:s ref:0 ;
in:286 out:285 type:P dur:2 cpbdur:2 q:35.20 aq:30.89 tex:59547 mv:28939 misc:3730 imb:2226 pmb:591 smb:783 d:s ref:0 ;
in:285 out:286 type:b dur:2 cpbdur:2 q:35.20 aq:32.31 tex:31974 mv:23834 misc:3400 imb:750 pmb:1160 smb:1690 d:s ref:0 ;
in:288 out:287 type:P dur:2 cpbdur:2 q:35.21 aq:31.41 tex:64020 mv:29034 misc:3562 imb:2367 pmb:510 smb:723 d:s ref:0 ;
in:287 out:288 type:b dur:2 cpbdur:2 q:35.21 aq:32.47 tex:32477 mv:24573 misc:3470 imb:864 pmb:1137 smb:1599 d:s ref:0 ;
in:290 out:289 type:P dur:2 cpbdur:2 q:35.23 aq:31.18 tex:69990 mv:31221 misc:3717 imb:2257 pmb:669 smb:674 d:s ref:0 ;
in:289 out:290 type:b dur:2 cpbdur:2 q:35.22 aq:32.95 tex:31615 mv:22948 misc:3205 imb:759 pmb:1052 smb:1789 d:s ref:0 ;
in:293 out:291 type:P dur:2 cpbdur:2 q:35.26 aq:31.05 tex:75775 mv:32211 misc:3710 imb:2537 pmb:583 smb:480 d:s ref:0 ;
in:291 out:292 type:B dur:2 cpbdur:2 q:35.24 aq:32.70 tex:36950 mv:27077 misc:3493 imb:856 pmb:1269 smb:1475 d:s ref:0 ;
in:292 out:293 type:b dur:2 cpbdur:2 q:35.25 aq:32.58 tex:31726 mv:23829 misc:3317 imb:670 pmb:1187 smb:1743 d:- ref:0 ;
in:296 out:294 type:P dur:2 cpbdur:2 q:35.28 aq:31.61 tex:75710 mv:29892 misc:3670 imb:2189 pmb:636 smb:775 d:s ref:0 ;
in:294 out:295 type:B dur:2 cpbdur:2 q:35.26 aq:32.58 tex:38222 mv:25795 misc:3367 imb:806 pmb:1197 smb:1597 d:s ref:0 ;
in:295 out:296 type:b dur:2 cpbdur:2 q:35.27 aq:33.09 tex:31073 mv:22437 misc:3298 imb:581 pmb:1199 smb:1820 d:- ref:0 ;
in:299 out:297 type:P dur:2 cpbdur:2 q:35.29 aq:31.35 tex:74765 mv:29747 misc:3632 imb:2339 pmb:535 smb:726 d:s ref:0 ;
in:297 out:298 type:B dur:2 cpbdur:2 q:35.28 aq:32.83 tex:44010 mv:26357 misc:3425 imb:853 pmb:1213 smb:1534 d:s ref:0 ;
in:298 out:299 type:b dur:2 cpbdur:2 q:35.29 aq:33.42 tex:33249 mv:24096 misc:3071 imb:695 pmb:1090 smb:1815 d:- ref:0 ;
in:301 out:300 type:P dur:2 cpbdur:2 q:35.28 aq:31.54 tex:66971 mv:30548 misc:3721 imb:2251 pmb:606 smb:743 d:s ref:0 ;
in:300 out:301 type:b dur:2 cpbdur:2 q:35.29 aq:32.88 tex:31486 mv:23979 misc:3303 imb:636 pmb:1243 smb:1721 d:s ref:0 ;
in:303 out:302 type:P dur:2 cpbdur:2 q:35.28 aq:32.08 tex:68010 mv:31578 misc:3692 imb:2343 pmb:638 smb:619 d:s ref:0 ;
in:302 out:303 type:b dur:2 cpbdur:2 q:35.28 aq:32.82 tex:34997 mv:25970 misc:3409 imb:729 pmb:1270 smb:1601 d:s ref:0 ;
in:304 out:304 type:P dur:2 cpbdur:2 q:35.29 aq:31.41 tex:59387 mv:30125 misc:3728 imb:2056 pmb:813 smb:731 d:s ref:0 ;
in:306 out:305 type:P dur:2 cpbdur:2 q:35.29 aq:31.43 tex:72048 mv:30794 misc:3678 imb:2344 pmb:608 smb:648 d:s ref:0 ;
in:305 out:306 type:b dur:2 cpbdur:2 q:35.29 aq:33.16 tex:29027 mv:23949 misc:3264 imb:655 pmb:1253 smb:1692 d:s ref:0 ;
in:308 out:307 type:P dur:2 cpbdur:2 q:35.30 aq:31.50 tex:75374 mv:31277 misc:3685 imb:2345 pmb:625 smb:630 d:s ref:0 ;
in:307 out:308 type:b dur:2 cpbdur:2 q:35.29 aq:33.05 tex:33915 mv:25803 misc:3538 imb:790 pmb:1285 smb:1525 d:s ref:0 ;
in:310 out:309 type:P dur:2 cpbdur:2 q:35.30 aq:32.06 tex:82667 mv:32484 misc:3641 imb:2339 pmb:668 smb:593 d:s ref:0 ;
in:309 out:310 type:b dur:2 cpbdur:2 q:35.30 aq:33.49 tex:35485 mv:27009 misc:3418 imb:796 pmb:1279 smb:1525 d:s ref:0 ;
in:311 out:311 type:P dur:2 cpbdur:2 q:35.30 aq:32.45 tex:61770 mv:27860 misc:3602 imb:1702 pmb:858 smb:1040 d:s ref:0 ;
in:313 out:312 type:P dur:2 cpbdur:2 q:35.32 aq:31.91 tex:75620 mv:30970 misc:3666 imb:2330 pmb:630 smb:640 d:s ref:0 ;
in:312 out:313 type:b dur:2 cpbdur:2 q:35.31 aq:33.36 tex:37963 mv:29771 misc:3522 imb:957 pmb:1317 smb:1326 d:s ref:0 ;
in:316 out:314 type:P dur:2 cpbdur:2 q:35.33 aq:31.93 tex:83253 mv:33398 misc:3621 imb:2457 pmb:638 smb:505 d:s ref:0 ;
in:314 out:315 type:B dur:2 cpbdur:2 q:35.32 aq:32.85 tex:43209 mv:29965 misc:3450 imb:1066 pmb:1193 smb:1341 d:s ref:0 ;
in:315 out:316 type:b dur:2 cpbdur:2 q:35.32 aq:33.84 tex:28796 mv:23734 misc:3110 imb:647 pmb:1134 smb:1819 d:- ref:0 ;
in:318 out:317 type:P dur:2 cpbdur:2 q:35.35 aq:32.36 tex:77931 mv:29565 misc:3544 imb:2074 pmb:641 smb:885 d:s ref:0 ;
in:317 out:318 type:b dur:2 cpbdur:2 q:35.34 aq:34.26 tex:32370 mv:24841 misc:3005 imb:700 pmb:1117 smb:1783 d:s ref:0 ;
in:320 out:319 type:P dur:2 cpbdur:2 q:35.37 aq:32.01 tex:74265 mv:29679 misc:3528 imb:2099 pmb:635 smb:866 d:s ref:0 ;
in:319 out:320 type:b dur:2 cpbdur:2 q:35.36 aq:33.71 tex:33114 mv:24203 misc:3195 imb:661 pmb:1175 smb:1764 d:s ref:0 ;
in:323 out:321 type:P dur:2 cpbdur:2 q:35.40 aq:32.11 tex:80586 mv:35290 misc:3748 imb:2503 pmb:748 smb:349 d:s ref:0 ;
in:321 out:322 type:B dur:2 cpbdur:2 q:35.38 aq:33.36 tex:41114 mv:25972 misc:3298 imb:754 pmb:1204 smb:1642 d:s ref:0 ;
in:322 out:323 type:b dur:2 cpbdur:2 q:35.39 aq:33.58 tex:29819 mv:20343 misc:2846 imb:515 pmb:1071 smb:2014 d:- ref:0 ;
in:326 out:324 type:P dur:2 cpbdur:2 q:35.43 aq:32.58 tex:78731 mv:32894 misc:3655 imb:2286 pmb:676 smb:638 d:s ref:0 ;
in:324 out:325 type:B dur:2 cpbdur:2 q:35.41 aq:32.71 tex:40783 mv:25355 misc:3398 imb:827 pmb:1195 smb:1578 d:s ref:0 ;
in:325 out:326 type:b dur:2 cpbdur:2 q:35.42 aq:33.66 tex:30559 mv:22443 misc:3062 imb:649 pmb:1097 smb:1854 d:- ref:0 ;
in:328 out:327 type:P dur:2 cpbdur:2 q:35.47 aq:32.57 tex:69327 mv:32165 misc:3732 imb:2093 pmb:815 smb:692 d:s ref:0 ;
in:327 out:328 type:b dur:2 cpbdur:2 q:35.45 aq:33.91 tex:29265 mv:23867 misc:3284 imb:568 pmb:1209 smb:1823 d:s ref:0 ;
in:330 out:329 type:P dur:2 cpbdur:2 q:35.48 aq:31.46 tex:72242 mv:34421 misc:3745 imb:2525 pmb:701 smb:374 d:s ref:0 ;
in:329 out:330 type:b dur:2 cpbdur:2 q:35.48 aq:33.50 tex:27127 mv:20281 misc:3224 imb:472 pmb:1217 smb:1911 d:s ref:0 ;
in:334 out:331 type:P dur:2 cpbdur:2 q:35.49 aq:30.60 tex:81928 mv:33834 misc:3710 imb:2798 pmb:502 smb:300 d:s ref:0 ;
in:332 out:332 type:B dur:2 cpbdur:2 q:35.49 aq:32.30 tex:52724 mv:28762 misc:3474 imb:1105 pmb:1216 smb:1279 d:s ref:0 ;
in:331 out:333 type:b dur:2 cpbdur:2 q:35.48 aq:33.14 tex:28583 mv:22188 misc:3261 imb:550 pmb:1248 smb:1802 d:s ref:0 ;
in:333 out:334 type:b dur:2 cpbdur:2 q:35.49 aq:33.16 tex:27783 mv:21395 misc:3142 imb:533 pmb:1171 smb:1896 d:- ref:0 ;
in:336 out:335 type:P dur:2 cpbdur:2 q:35.47 aq:31.46 tex:60947 mv:24499 misc:3410 imb:1726 pmb:619 smb:1255 d:s ref:0 ;
in:335 out:336 type:b dur:2 cpbdur:2 q:35.48 aq:32.45 tex:26978 mv:20101 misc:3153 imb:543 pmb:1125 smb:1932 d:s ref:0 ;
in:338 out:337 type:P dur:2 cpbdur:2 q:35.47 aq:31.07 tex:72805 mv:32261 misc:3694 imb:2412 pmb:675 smb:513 d:s ref:0 ;
in:337 out:338 type:b dur:2 cpbdur:2 q:35.47 aq:33.07 tex:26549 mv:19267 misc:3072 imb:473 pmb:1149 smb:1978 d:s ref:0 ;
in:341 out:339 type:P dur:2 cpbdur:2 q:35.47 aq:31.44 tex:76092 mv:31476 misc:3640 imb:2516 pmb:582 smb:502 d:s ref:0 ;
in:339 out:340 type:B dur:2 cpbdur:2 q:35.47 aq:32.84 tex:38307 mv:23969 misc:3348 imb:786 pmb:1207 smb:1607 d:s ref:0 ;
in:340 out:341 type:b dur:2 cpbdur:2 q:35.47 aq:33.16 tex:28558 mv:21404 misc:3310 imb:578 pmb:1214 smb:1808 d:- ref:0 ;
in:344 out:342 type:P dur:2 cpbdur:2 q:35.46 aq:30.93 tex:75225 mv:32776 misc:3679 imb:2577 pmb:572 smb:451 d:s ref:0 ;
in:342 out:343 type:B dur:2 cpbdur:2 q:35.47 aq:32.60 tex:39452 mv:26814 misc:3574 imb:964 pmb:1232 smb:1404 d:s ref:0 ;
in:343 out:344 type:b dur:2 cpbdur:2 q:35.46 aq:33.06 tex:30356 mv:21889 misc:3411 imb:627 pmb:1187 smb:1786 d:- ref:0 ;
in:347 out:345 type:P dur:2 cpbdur:2 q:35.48 aq:31.59 tex:63699 mv:29392 misc:3669 imb:2204 pmb:632 smb:764 d:s ref:0 ;
in:345 out:346 type:B dur:2 cpbdur:2 q:35.47 aq:32.40 tex:33113 mv:23442 misc:3373 imb:732 pmb:1194 smb:1674 d:s ref:0 ;
in:346 out:347 type:b dur:2 cpbdur:2 q:35.47 aq:33.14 tex:24207 mv:18045 misc:2924 imb:464 pmb:1061 smb:2075 d:- ref:0 ;
in:350 out:348 type:P dur:2 cpbdur:2 q:35.44 aq:31.16 tex:79300 mv:32835 misc:3689 imb:2606 pmb:631 smb:363 d:s ref:0 ;
in:348 out:349 type:B dur:2 cpbdur:2 q:35.47 aq:32.51 tex:34485 mv:21755 misc:3248 imb:689 pmb:1183 smb:1728 d:s ref:0 ;
in:349 out:350 type:b dur:2 cpbdur:2 q:35.45 aq:33.60 tex:25565 mv:19279 misc:2980 imb:522 pmb:1075 smb:2003 d:- ref:0 ;
in:352 out:351 type:P dur:2 cpbdur:2 q:35.44 aq:31.67 tex:63609 mv:28119 misc:3688 imb:1861 pmb:833 smb:906 d:s ref:0 ;
in:351 out:352 type:b dur:2 cpbdur:2 q:35.44 aq:33.37 tex:22022 mv:17791 misc:2891 imb:427 pmb:1051 smb:2122 d:s ref:0 ;
in:354 out:353 type:P dur:2 cpbdur:2 q:35.43 aq:31.78 tex:57477 mv:25584 misc:3467 imb:1686 pmb:690 smb:1224 d:s ref:0 ;
in:353 out:354 type:b dur:2 cpbdur:2 q:35.44 aq:33.92 tex:26119 mv:21796 misc:3021 imb:622 pmb:1158 smb:1820 d:s ref:0 ;
in:356 out:355 type:P dur:2 cpbdur:2 q:35.44 aq:32.10 tex:55261 mv:25985 misc:3418 imb:1749 pmb:659 smb:1192 d:s ref:0 ;
in:355 out:356 type:b dur:2 cpbdur:2 q:35.43 aq:33.79 tex:27217 mv:20829 misc:2794 imb:581 pmb:1053 smb:1966 d:s ref:0 ;
in:358 out:357 type:P dur:2 cpbdur:2 q:35.42 aq:31.78 tex:61726 mv:28581 misc:3709 imb:2018 pmb:691 smb:891 d:s ref:0 ;
in:357 out:358 type:b dur:2 cpbdur:2 q:35.43 aq:33.03 tex:28470 mv:20551 misc:2787 imb:586 pmb:1011 smb:2003 d:s ref:0 ;
in:360 out:359 type:P dur:2 cpbdur:2 q:35.40 aq:31.54 tex:66826 mv:31327 misc:3687 imb:2218 pmb:687 smb:695 d:s ref:0 ;
in:359 out:360 type:b dur:2 cpbdur:2 q:35.41 aq:32.89 tex:30102 mv:21708 misc:3190 imb:623 pmb:1150 smb:1827 d:s ref:0 ;
in:362 out:361 type:P dur:2 cpbdur:2 q:35.41 aq:31.50 tex:68423 mv:31366 misc:3795 imb:2267 pmb:714 smb:619 d:s ref:0 ;
in:361 out:362 type:b dur:2 cpbdur:2 q:35.41 aq:32.46 tex:30276 mv:21708 misc:3216 imb:624 pmb:1158 smb:1818 d:s ref:0 ;
in:364 out:363 type:P dur:2 cpbdur:2 q:35.40 aq:31.33 tex:58326 mv:29463 misc:3691 imb:2146 pmb:623 smb:831 d:s ref:0 ;
in:363 out:364 type:b dur:2 cpbdur:2 q:35.41 aq:32.79 tex:26046 mv:21776 misc:3450 imb:556 pmb:1234 smb:1810 d:s ref:0 ;
in:367 out:365 type:P dur:2 cpbdur:2 q:35.38 aq:31.17 tex:61732 mv:32605 misc:3735 imb:2520 pmb:621 smb:459 d:s ref:0 ;
in:365 out:366 type:B dur:2 cpbdur:2 q:35.39 aq:32.05 tex:28212 mv:23391 misc:3445 imb:662 pmb:1239 smb:1699 d:s ref:0 ;
in:366 out:367 type:b dur:2 cpbdur:2 q:35.39 aq:32.46 tex:21538 mv:19276 misc:3034 imb:470 pmb:1098 smb:2032 d:- ref:0 ;
in:370 out:368 type:P dur:2 cpbdur:2 q:35.34 aq:31.17 tex:59349 mv:31432 misc:3771 imb:2505 pmb:544 smb:551 d:s ref:0 ;
in:368 out:369 type:B dur:2 cpbdur:2 q:35.36 aq:32.35 tex:30192 mv:22337 misc:3335 imb:658 pmb:1201 smb:1741 d:s ref:0 ;
in:369 out:370 type:b dur:2 cpbdur:2 q:35.35 aq:32.77 tex:23853 mv:19528 misc:3091 imb:550 pmb:1068 smb:1982 d:- ref:0 ;
in:373 out:371 type:P dur:2 cpbdur:2 q:35.32 aq:31.74 tex:65074 mv:33049 misc:3733 imb:2645 pmb:551 smb:404 d:s ref:0 ;
in:371 out:372 type:B dur:2 cpbdur:2 q:35.33 aq:32.01 tex:31393 mv:25382 misc:3609 imb:916 pmb:1214 smb:1470 d:s ref:0 ;
in:372 out:373 type:b dur:2 cpbdur:2 q:35.33 aq:32.56 tex:25537 mv:21420 misc:3251 imb:694 pmb:1080 smb:1826 d:- ref:0 ;
in:376 out:374 type:P dur:2 cpbdur:2 q:35.30 aq:31.88 tex:73193 mv:34000 misc:3759 imb:2569 pmb:592 smb:439 d:s ref:0 ;
in:374 out:375 type:B dur:2 cpbdur:2 q:35.31 aq:32.42 tex:38972 mv:27444 misc:3608 imb:874 pmb:1326 smb:1400 d:s ref:0 ;
in:375 out:376 type:b dur:2 cpbdur:2 q:35.30 aq:33.43 tex:28138 mv:23367 misc:3351 imb:619 pmb:1251 smb:1730 d:- ref:0 ;
in:379 out:377 type:P dur:2 cpbdur:2 q:35.31 aq:32.13 tex:66947 mv:31518 misc:3727 imb:2362 pmb:600 smb:638 d:s ref:0 ;
in:377 out:378 type:B dur:2 cpbdur:2 q:35.30 aq:32.93 tex:35008 mv:25849 misc:3455 imb:741 pmb:1297 smb:1562 d:s ref:0 ;
in:378 out:379 type:b dur:2 cpbdur:2 q:35.30 aq:33.72 tex:27988 mv:22878 misc:3230 imb:564 pmb:1230 smb:1806 d:- ref:0 ;
in:380 out:380 type:P dur:2 cpbdur:2 q:35.29 aq:31.45 tex:58010 mv:27888 misc:3782 imb:1760 pmb:878 smb:962 d:s ref:0 ;
in:382 out:381 type:P dur:2 cpbdur:2 q:35.30 aq:31.20 tex:70042 mv:32947 misc:3771 imb:2400 pmb:667 smb:533 d:s ref:0 ;
in:381 out:382 type:b dur:2 cpbdur:2 q:35.29 aq:32.87 tex:29220 mv:22787 misc:3385 imb:552 pmb:1303 smb:1745 d:s ref:0 ;
in:384 out:383 type:P dur:2 cpbdur:2 q:35.29 aq:30.83 tex:63565 mv:30718 misc:3669 imb:2237 pmb:670 smb:693 d:s ref:0 ;
in:383 out:384 type:b dur:2 cpbdur:2 q:35.29 aq:33.10 tex:28806 mv:21840 misc:3346 imb:503 pmb:1274 smb:1823 d:s ref:0 ;
in:386 out:385 type:P dur:2 cpbdur:2 q:35.27 aq:30.70 tex:60278 mv:28923 misc:3759 imb:2215 pmb:577 smb:808 d:s ref:0 ;
in:385 out:386 type:b dur:2 cpbdur:2 q:35.28 aq:32.96 tex:29082 mv:22091 misc:3299 imb:538 pmb:1233 smb:1829 d:s ref:0 ;
in:388 out:387 type:P dur:2 cpbdur:2 q:35.28 aq:30.75 tex:65333 mv:30803 misc:3688 imb:2418 pmb:533 smb:649 d:s ref:0 ;
in:387 out:388 type:b dur:2 cpbdur:2 q:35.27 aq:32.35 tex:33480 mv:24466 misc:3342 imb:793 pmb:1194 smb:1613 d:s ref:0 ;
in:391 out:389 type:P dur:2 cpbdur:2 q:35.27 aq:30.81 tex:72733 mv:32497 misc:3666 imb:2674 pmb:455 smb:471 d:s ref:0 ;
in:389 out:390 type:B dur:2 cpbdur:2 q:35.27 aq:31.44 tex:42948 mv:28022 misc:3726 imb:998 pmb:1426 smb:1176 d:s ref:0 ;
in:390 out:391 type:b dur:2 cpbdur:2 q:35.27 aq:32.36 tex:36501 mv:25180 misc:3583 imb:793 pmb:1376 smb:1431 d:- ref:0 ;
in:394 out:392 type:P dur:2 cpbdur:2 q:35.24 aq:31.57 tex:79042 mv:33670 misc:3680 imb:2858 pmb:450 smb:292 d:s ref:0 ;
in:392 out:393 type:B dur:2 cpbdur:2 q:35.26 aq:31.61 tex:45962 mv:29923 misc:3867 imb:977 pmb:1565 smb:1058 d:s ref:0 ;
in:393 out:394 type:b dur:2 cpbdur:2 q:35.25 aq:32.49 tex:35824 mv:25994 misc:3726 imb:696 pmb:1536 smb:1368 d:- ref:0 ;
in:397 out:395 type:P dur:2 cpbdur:2 q:35.24 aq:31.60 tex:85593 mv:35409 misc:3678 imb:2881 pmb:505 smb:214 d:s ref:0 ;
in:395 out:396 type:B dur:2 cpbdur:2 q:35.24 aq:32.09 tex:41545 mv:27343 misc:3784 imb:878 pmb:1499 smb:1223 d:s ref:0 ;
in:396 out:397 type:b dur:2 cpbdur:2 q:35.24 aq:32.98 tex:31798 mv:21889 misc:3489 imb:548 pmb:1375 smb:1677 d:- ref:0 ;
in:399 out:398 type:P dur:2 cpbdur:2 q:35.25 aq:31.42 tex:80332 mv:32775 misc:3757 imb:2296 pmb:801 smb:503 d:s ref:0 ;
in:398 out:399 type:b dur:2 cpbdur:2 q:35.25 aq:33.14 tex:32661 mv:21032 misc:3339 imb:524 pmb:1326 smb:1750 d:s ref:0 ;
in:402 out:400 type:P dur:2 cpbdur:2 q:35.28 aq:31.33 tex:83914 mv:32640 misc:3758 imb:2184 pmb:866 smb:550 d:s ref:0 ;
in:400 out:401 type:B dur:2 cpbdur:2 q:35.26 aq:32.84 tex:42878 mv:25391 misc:3547 imb:636 pmb:1465 smb:1499 d:s ref:0 ;
in:401 out:402 type:b dur:2 cpbdur:2 q:35.27 aq:33.32 tex:31462 mv:21552 misc:3234 imb:443 pmb:1298 smb:1859 d:- ref:0 ;
in:406 out:403 type:P dur:2 cpbdur:2 q:35.33 aq:31.95 tex:81611 mv:32443 misc:3714 imb:2392 pmb:633 smb:575 d:s ref:0 ;
in:404 out:404 type:B dur:2 cpbdur:2 q:35.30 aq:32.08 tex:56191 mv:30923 misc:3638 imb:1058 pmb:1415 smb:1127 d:s ref:0 ;
in:403 out:405 type:b dur:2 cpbdur:2 q:35.29 aq:33.56 tex:31447 mv:22134 misc:3323 imb:525 pmb:1290 smb:1785 d:s ref:0 ;
in:405 out:406 type:b dur:2 cpbdur:2 q:35.32 aq:33.23 tex:31502 mv:24006 misc:3372 imb:579 pmb:1280 smb:1741 d:- ref:0 ;
in:409 out:407 type:P dur:2 cpbdur:2 q:35.40 aq:32.36 tex:78841 mv:32482 misc:3693 imb:2454 pmb:606 smb:540 d:s ref:0 ;
in:407 out:408 type:B dur:2 cpbdur:2 q:35.35 aq:33.29 tex:43083 mv:29059 misc:3538 imb:840 pmb:1405 smb:1355 d:s ref:0 ;
in:408 out:409 type:b dur:2 cpbdur:2 q:35.37 aq:33.44 tex:35998 mv:27016 misc:3418 imb:680 pmb:1410 smb:1510 d:- ref:0 ;
in:412 out:410 type:P dur:2 cpbdur:2 q:35.42 aq:31.86 tex:97563 mv:38190 misc:3735 imb:2660 pmb:732 smb:208 d:s ref:0 ;
in:410 out:411 type:B dur:2 cpbdur:2 q:35.40 aq:33.17 tex:47862 mv:30135 misc:3547 imb:944 pmb:1399 smb:1257 d:s ref:0 ;
in:411 out:412 type:b dur:2 cpbdur:2 q:35.41 aq:33.58 tex:38706 mv:27065 misc:3477 imb:799 pmb:1367 smb:1434 d:- ref:0 ;
in:416 out:413 type:P dur:2 cpbdur:2 q:35.44 aq:32.04 tex:83553 mv:32480 misc:3711 imb:2318 pmb:692 smb:590 d:s ref:0 ;
in:414 out:414 type:B dur:2 cpbdur:2 q:35.43 aq:33.10 tex:59257 mv:32395 misc:3404 imb:1201 pmb:1229 smb:1170 d:s ref:0 ;
in:413 out:415 type:b dur:2 cpbdur:2 q:35.43 aq:34.33 tex:38338 mv:25476 misc:3250 imb:667 pmb:1354 smb:1579 d:s ref:0 ;
in:415 out:416 type:b dur:2 cpbdur:2 q:35.44 aq:34.10 tex:38162 mv:23578 misc:3156 imb:683 pmb:1266 smb:1651 d:- ref:0 ;
in:420 out:417 type:P dur:2 cpbdur:2 q:35.43 aq:32.04 tex:94626 mv:33642 misc:3748 imb:2443 pmb:738 smb:419 d:s ref:0 ;
in:418 out:418 type:B dur:2 cpbdur:2 q:35.44 aq:32.82 tex:56988 mv:28852 misc:3504 imb:1097 pmb:1246 smb:1257 d:s ref:0 ;
in:417 out:419 type:b dur:2 cpbdur:2 q:35.44 aq:33.61 tex:39008 mv:22805 misc:3131 imb:742 pmb:1161 smb:1697 d:s ref:0 ;
in:419 out:420 type:b dur:2 cpbdur:2 q:35.44 aq:33.87 tex:43319 mv:22581 misc:3060 imb:648 pmb:1221 smb:1731 d:- ref:0 ;
in:424 out:421 type:P dur:2 cpbdur:2 q:35.42 aq:31.87 tex:94937 mv:35529 misc:3710 imb:2761 pmb:601 smb:238 d:s ref:0 ;
in:422 out:422 type:B dur:2 cpbdur:2 q:35.43 aq:32.37 tex:65924 mv:31089 misc:3603 imb:1164 pmb:1287 smb:1149 d:s ref:0 ;
in:421 out:423 type:b dur:2 cpbdur:2 q:35.43 aq:33.85 tex:41869 mv:22854 misc:3141 imb:611 pmb:1240 smb:1749 d:s ref:0 ;
in:423 out:424 type:b dur:2 cpbdur:2 q:35.43 aq:34.09 tex:42590 mv:23555 misc:3191 imb:613 pmb:1301 smb:1686 d:- ref:0 ;
in:427 out:425 type:P dur:2 cpbdur:2 q:35.46 aq:31.34 tex:88495 mv:33908 misc:3765 imb:2521 pmb:706 smb:373 d:s ref:0 ;
in:425 out:426 type:B dur:2 cpbdur:2 q:35.44 aq:33.45 tex:51494 mv:25727 misc:3275 imb:783 pmb:1235 smb:1582 d:s ref:0 ;
in:426 out:427 type:b dur:2 cpbdur:2 q:35.45 aq:33.85 tex:41991 mv:24337 misc:3072 imb:668 pmb:1191 smb:1741 d:- ref:0 ;
in:430 out:428 type:P dur:2 cpbdur:2 q:35.49 aq:31.82 tex:81481 mv:30636 misc:3667 imb:2267 pmb:606 smb:727 d:s ref:0 ;
in:428 out:429 type:B dur:2 cpbdur:2 q:35.47 aq:32.77 tex:49326 mv:26908 misc:3342 imb:868 pmb:1190 smb:1542 d:s ref:0 ;
in:429 out:430 type:b dur:2 cpbdur:2 q:35.48 aq:33.61 tex:39296 mv:24383 misc:3113 imb:704 pmb:1145 smb:1751 d:- ref:0 ;
in:434 out:431 type:P dur:2 cpbdur:2 q:35.53 aq:31.60 tex:85025 mv:33847 misc:3704 imb:2605 pmb:577 smb:418 d:s ref:0 ;
in:432 out:432 type:B dur:2 cpbdur:2 q:35.51 aq:32.32 tex:62991 mv:30529 misc:3632 imb:1151 pmb:1237 smb:1212 d:s ref:0 ;
in:431 out:433 type:b dur:2 cpbdur:2 q:35.50 aq:33.35 tex:42040 mv:24933 misc:3275 imb:731 pmb:1183 smb:1686 d:s ref:0 ;
in:433 out:434 type:b dur:2 cpbdur:2 q:35.52 aq:32.90 tex:40943 mv:25036 misc:3285 imb:659 pmb:1250 smb:1691 d:- ref:0 ;
in:437 out:435 type:P dur:2 cpbdur:2 q:35.55 aq:30.90 tex:78998 mv:33171 misc:3719 imb:2612 pmb:595 smb:393 d:s ref:0 ;
in:435 out:436 type:B dur:2 cpbdur:2 q:35.54 aq:32.86 tex:47208 mv:27003 misc:3325 imb:940 pmb:1117 smb:1543 d:s ref:0 ;
in:436 out:437 type:b dur:2 cpbdur:2 q:35.54 aq:33.49 tex:35600 mv:24823 misc:3257 imb:720 pmb:1147 smb:1733 d:- ref:0 ;
in:441 out:438 type:P dur:2 cpbdur:2 q:35.57 aq:31.12 tex:65281 mv:31392 misc:3759 imb:2331 pmb:662 smb:607 d:s ref:0 ;
in:439 out:439 type:B dur:2 cpbdur:2 q:35.56 aq:31.87 tex:44859 mv:28500 misc:3729 imb:1020 pmb:1326 smb:1254 d:s ref:0 ;
in:438 out:440 type:b dur:2 cpbdur:2 q:35.56 aq:33.26 tex:30967 mv:23347 misc:3382 imb:655 pmb:1205 smb:1740 d:s ref:0 ;
in:440 out:441 type:b dur:2 cpbdur:2 q:35.57 aq:33.45 tex:26086 mv:19770 misc:3088 imb:554 pmb:1090 smb:1956 d:- ref:0 ;
in:444 out:442 type:P dur:2 cpbdur:2 q:35.56 aq:31.70 tex:63888 mv:27643 misc:3661 imb:2031 pmb:611 smb:958 d:s ref:0 ;
in:442 out:443 type:B dur:2 cpbdur:2 q:35.57 aq:32.95 tex:36869 mv:24350 misc:3213 imb:805 pmb:1088 smb:1707 d:s ref:0 ;
in:443 out:444 type:b dur:2 cpbdur:2 q:35.56 aq:33.40 tex:30180 mv:21586 misc:3106 imb:636 pmb:1112 smb:1852 d:- ref:0 ;
in:447 out:445 type:P dur:2 cpbdur:2 q:35.59 aq:32.07 tex:72696 mv:32987 misc:3717 imb:2587 pmb:617 smb:396 d:s ref:0 ;
in:445 out:446 type:B dur:2 cpbdur:2 q:35.57 aq:32.50 tex:37930 mv:26423 misc:3687 imb:865 pmb:1321 smb:1414 d:s ref:0 ;
in:446 out:447 type:b dur:2 cpbdur:2 q:35.58 aq:33.56 tex:29088 mv:22070 misc:3258 imb:632 pmb:1114 smb:1854 d:- ref:0 ;
in:450 out:448 type:P dur:2 cpbdur:2 q:35.60 aq:32.47 tex:68794 mv:31553 misc:3669 imb:2296 pmb:603 smb:701 d:s ref:0 ;
in:448 out:449 type:B dur:2 cpbdur:2 q:35.59 aq:33.06 tex:37247 mv:26684 misc:3661 imb:823 pmb:1330 smb:1447 d:s ref:0 ;
in:449 out:450 type:b dur:2 cpbdur:2 q:35.60 aq:33.25 tex:31061 mv:23686 misc:3421 imb:666 pmb:1250 smb:1684 d:- ref:0 ;
in:452 out:451 type:P dur:2 cpbdur:2 q:35.61 aq:32.38 tex:71093 mv:32812 misc:3727 imb:2386 pmb:662 smb:552 d:s ref:0 ;
in:451 out:452 type:b dur:2 cpbdur:2 q:35.60 aq:33.94 tex:32590 mv:25490 misc:3480 imb:762 pmb:1254 smb:1584 d:s ref:0 ;
in:454 out:453 type:P dur:2 cpbdur:2 q:35.59 aq:32.12 tex:71407 mv:31292 misc:3669 imb:2169 pmb:642 smb:789 d:s ref:0 ;
in:453 out:454 type:b dur:2 cpbdur:2 q:35.60 aq:33.47 tex:33113 mv:27236 misc:3403 imb:799 pmb:1262 smb:1539 d:s ref:0 ;
in:456 out:455 type:P dur:2 cpbdur:2 q:35.60 aq:31.92 tex:69297 mv:31321 misc:3630 imb:2278 pmb:589 smb:733 d:s ref:0 ;
in:455 out:456 type:b dur:2 cpbdur:2 q:35.59 aq:33.92 tex:35071 mv:25450 misc:3247 imb:705 pmb:1232 smb:1663 d:s ref:0 ;
in:458 out:457 type:P dur:2 cpbdur:2 q:35.60 aq:31.31 tex:72249 mv:33060 misc:3683 imb:2754 pmb:460 smb:386 d:s ref:0 ;
in:457 out:458 type:b dur:2 cpbdur:2 q:35.60 aq:33.39 tex:39880 mv:26577 misc:3391 imb:902 pmb:1253 smb:1445 d:s ref:0 ;
in:460 out:459 type:P dur:2 cpbdur:2 q:35.59 aq:30.88 tex:66475 mv:31443 misc:3618 imb:2506 pmb:533 smb:561 d:s ref:0 ;
in:459 out:460 type:b dur:2 cpbdur:2 q:35.59 aq:32.39 tex:35556 mv:27744 misc:3612 imb:892 pmb:1430 smb:1278 d:s ref:0 ;
in:462 out:461 type:P dur:2 cpbdur:2 q:35.59 aq:31.41 tex:65939 mv:29348 misc:3601 imb:2307 pmb:502 smb:791 d:s ref:0 ;
in:461 out:462 type:b dur:2 cpbdur:2 q:35.59 aq:32.42 tex:35767 mv:26547 misc:3334 imb:850 pmb:1237 smb:1513 d:s ref:0 ;
in:464 out:463 type:P dur:2 cpbdur:2 q:35.59 aq:31.33 tex:69495 mv:31636 misc:3669 imb:2532 pmb:506 smb:562 d:s ref:0 ;
in:463 out:464 type:b dur:2 cpbdur:2 q:35.59 aq:32.66 tex:35411 mv:26465 misc:3556 imb:800 pmb:1361 smb:1439 d:s ref:0 ;
in:466 out:465 type:P dur:2 cpbdur:2 q:35.60 aq:31.70 tex:66799 mv:31122 misc:3687 imb:2395 pmb:546 smb:659 d:s ref:0 ;
in:465 out:466 type:b dur:2 cpbdur:2 q:35.59 aq:33.61 tex:32356 mv:25107 misc:3505 imb:680 pmb:1335 smb:1585 d:s ref:0 ;
in:468 out:467 type:P dur:2 cpbdur:2 q:35.61 aq:31.70 tex:66035 mv:29908 misc:3689 imb:2360 pmb:540 smb:700 d:s ref:0 ;
in:467 out:468 type:b dur:2 cpbdur:2 q:35.60 aq:33.14 tex:31156 mv:23983 misc:3501 imb:674 pmb:1309 smb:1617 d:s ref:0 ;
in:470 out:469 type:P dur:2 cpbdur:2 q:35.63 aq:31.91 tex:62939 mv:27744 misc:3621 imb:2079 pmb:592 smb:929 d:s ref:0 ;
in:469 out:470 type:b dur:2 cpbdur:2 q:35.62 aq:33.60 tex:26521 mv:21941 misc:3298 imb:597 pmb:1179 smb:1824 d:s ref:0 ;
in:473 out:471 type:P dur:2 cpbdur:2 q:35.65 aq:31.87 tex:70392 mv:32476 misc:3708 imb:2720 pmb:524 smb:356 d:s ref:0 ;
in:471 out:472 type:B dur:2 cpbdur:2 q:35.64 aq:32.74 tex:40260 mv:27707 misc:3537 imb:1028 pmb:1225 smb:1347 d:s ref:0 ;
in:472 out:473 type:b dur:2 cpbdur:2 q:35.64 aq:33.40 tex:35877 mv:25884 misc:3295 imb:825 pmb:1180 smb:1595 d:- ref:0 ;
in:476 out:474 type:P dur:2 cpbdur:2 q:35.68 aq:32.10 tex:72285 mv:31283 misc:3728 imb:2521 pmb:533 smb:546 d:s ref:0 ;
in:474 out:475 type:B dur:2 cpbdur:2 q:35.66 aq:32.80 tex:45728 mv:30088 misc:3528 imb:1160 pmb:1232 smb:1208 d:s ref:0 ;
in:475 out:476 type:b dur:2 cpbdur:2 q:35.67 aq:33.77 tex:37080 mv:27653 misc:3419 imb:944 pmb:1251 smb:1405 d:- ref:0 ;
in:479 out:477 type:P dur:2 cpbdur:2 q:35.71 aq:31.88 tex:64381 mv:31070 misc:3685 imb:2576 pmb:470 smb:554 d:s ref:0 ;
in:477 out:478 type:B dur:2 cpbdur:2 q:35.69 aq:32.73 tex:43895 mv:29416 misc:3617 imb:1103 pmb:1302 smb:1195 d:s ref:0 ;
in:478 out:479 type:b dur:2 cpbdur:2 q:35.70 aq:32.92 tex:36254 mv:26858 misc:3432 imb:926 pmb:1272 smb:1402 d:- ref:0 ;
in:480 out:480 type:P dur:2 cpbdur:2 q:35.70 aq:32.21 tex:54172 mv:27679 misc:3557 imb:2055 pmb:607 smb:938 d:s ref:0 ;
in:482 out:481 type:P dur:2 cpbdur:2 q:35.70 aq:31.94 tex:60833 mv:29788 misc:3627 imb:2316 pmb:546 smb:738 d:s ref:0 ;
in:481 out:482 type:b dur:2 cpbdur:2 q:35.70 aq:33.10 tex:33169 mv:26556 misc:3339 imb:973 pmb:1128 smb:1499 d:s ref:0 ;
in:484 out:483 type:P dur:2 cpbdur:2 q:35.69 aq:32.51 tex:66224 mv:30669 misc:3707 imb:2291 pmb:661 smb:648 d:s ref:0 ;
in:483 out:484 type:b dur:2 cpbdur:2 q:35.70 aq:33.34 tex:31600 mv:26215 misc:3281 imb:871 pmb:1169 smb:1560 d:s ref:0 ;
in:486 out:485 type:P dur:2 cpbdur:2 q:35.67 aq:32.60 tex:71969 mv:32703 misc:3624 imb:2339 pmb:645 smb:616 d:s ref:0 ;
in:485 out:486 type:b dur:2 cpbdur:2 q:35.68 aq:33.91 tex:32542 mv:26137 misc:3313 imb:844 pmb:1175 smb:1581 d:s ref:0 ;
in:488 out:487 type:P dur:2 cpbdur:2 q:35.67 aq:32.23 tex:66153 mv:32122 misc:3685 imb:2211 pmb:724 smb:665 d:s ref:0 ;
in:487 out:488 type:b dur:2 cpbdur:2 q:35.67 aq:33.72 tex:31322 mv:24882 misc:3292 imb:672 pmb:1252 smb:1676 d:s ref:0 ;
in:491 out:489 type:P dur:2 cpbdur:2 q:35.67 aq:32.26 tex:72274 mv:32832 misc:3694 imb:2369 pmb:682 smb:549 d:s ref:0 ;
in:489 out:490 type:B dur:2 cpbdur:2 q:35.67 aq:33.40 tex:42727 mv:28705 misc:3560 imb:1001 pmb:1263 smb:1336 d:s ref:0 ;
in:490 out:491 type:b dur:2 cpbdur:2 q:35.67 aq:34.03 tex:32423 mv:26224 misc:3209 imb:708 pmb:1268 smb:1624 d:- ref:0 ;
in:494 out:492 type:P dur:2 cpbdur:2 q:35.67 aq:32.44 tex:68605 mv:30427 misc:3616 imb:2255 pmb:613 smb:732 d:s ref:0 ;
in:492 out:493 type:B dur:2 cpbdur:2 q:35.67 aq:33.13 tex:42328 mv:28390 misc:3434 imb:1012 pmb:1194 smb:1394 d:s ref:0 ;
in:493 out:494 type:b dur:2 cpbdur:2 q:35.67 aq:34.07 tex:32553 mv:25428 misc:3339 imb:796 pmb:1156 smb:1648 d:- ref:0 ;
in:496 out:495 type:P dur:2 cpbdur:2 q:35.67 aq:32.82 tex:69998 mv:33529 misc:3689 imb:2451 pmb:657 smb:492 d:s ref:0 ;
in:495 out:496 type:b dur:2 cpbdur:2 q:35.67 aq:33.71 tex:32716 mv:27524 misc:3384 imb:942 pmb:1170 smb:1488 d:s ref:0 ;
in:497 out:497 type:P dur:2 cpbdur:2 q:35.68 aq:33.01 tex:48352 mv:28711 misc:3593 imb:1614 pmb:895 smb:1091 d:s ref:0 ;
in:498 out:498 type:P dur:2 cpbdur:2 q:35.68 aq:33.05 tex:53756 mv:31487 misc:3669 imb:1866 pmb:921 smb:813 d:s ref:0 ;
in:499 out:499 type:I dur:2 cpbdur:2 q:32.74 aq:29.71 tex:111245 mv:47769 misc:378 imb:3600 pmb:0 smb:0 d:s ref:;
in:500 out:500 type:P dur:2 cpbdur:2 q:35.73 aq:32.99 tex:59461 mv:31473 misc:3730 imb:2172 pmb:815 smb:613 d:s ref:0 ;
